<?xml version="1.0" encoding="UTF-8"?>
<testsuites>
  <testsuite name="filter_manager" timestamp="2023-10-04T12:03:42Z" hostname="0bec493afbfb" tests="4" skipped="0" failures="0" errors="0" time="0.782">
    <testcase time="0.652" classname="filter_manager" name="filter_manager_srv_initializes_properly_processes_input_arguments"/>
    <testcase time="0.036" classname="filter_manager" name="filter_manager_srv_initializes_properly_processes_input_arguments"/>
    <testcase time="0.0920000000000001" classname="filter_manager" name="filter_manager_srv_initializes_properly_processes_input_arguments"/>
    <testcase time="0.00199999999999978" classname="filter_manager" name="filter_manager_srv_initializes_properly_processes_input_arguments"/>
  </testsuite>
  <testsuite name="init" timestamp="2023-10-04T12:03:43Z" hostname="0bec493afbfb" tests="41" skipped="0" failures="29" errors="0" time="13.662">
    <testcase time="0.194" classname="init" name="init_data_accepts_TealData_objects"/>
    <testcase time="0.136" classname="init" name="init_data_accepts_TealData_objects">
      <failure type="failure" message="`init(data = teal_data_object, modules = mods)` threw an error. ('test-init.R:12:3')">`init(data = teal_data_object, modules = mods)` threw an error.
Message: Module aaa1 has datanames that are not available in a 'data':
 ADSL, ADTTE not in iris
Class:   simpleError/error/condition
Backtrace:
     ▆
  1. ├─testthat::expect_error(...) at test-init.R:12:2
  2. │ └─testthat:::quasi_capture(...)
  3. │   ├─testthat (local) .capture(...)
  4. │   │ └─base::withCallingHandlers(...)
  5. │   └─rlang::eval_bare(quo_get_expr(.quo), quo_get_env(.quo))
  6. └─teal::init(data = teal_data_object, modules = mods)
  7.   └─teal (local) resolve_modules_datanames(modules = modules)
  8.     └─base::sapply(modules$children, resolve_modules_datanames, simplify = FALSE)
  9.       └─base::lapply(X = X, FUN = FUN, ...)
 10.         └─teal (local) FUN(X[[i]], ...)
 11.           └─base::sapply(modules$children, resolve_modules_datanames, simplify = FALSE)
 12.             └─base::lapply(X = X, FUN = FUN, ...)
 13.               └─teal (local) FUN(X[[i]], ...)
 14.                 └─base::sapply(modules$children, resolve_modules_datanames, simplify = FALSE)
 15.                   └─base::lapply(X = X, FUN = FUN, ...)
 16.                     └─teal (local) FUN(X[[i]], ...)</failure>
    </testcase>
    <testcase time="0.0910000000000002" classname="init" name="init_data_accepts_TealData_objects">
      <failure type="failure" message="`init(data = cdisc_data_object, modules = mods)` threw an error. ('test-init.R:13:3')">`init(data = cdisc_data_object, modules = mods)` threw an error.
Message: Module aaa1 has datanames that are not available in a 'data':
 ADTTE not in ADSL
Class:   simpleError/error/condition
Backtrace:
     ▆
  1. ├─testthat::expect_error(...) at test-init.R:13:2
  2. │ └─testthat:::quasi_capture(...)
  3. │   ├─testthat (local) .capture(...)
  4. │   │ └─base::withCallingHandlers(...)
  5. │   └─rlang::eval_bare(quo_get_expr(.quo), quo_get_env(.quo))
  6. └─teal::init(data = cdisc_data_object, modules = mods)
  7.   └─teal (local) resolve_modules_datanames(modules = modules)
  8.     └─base::sapply(modules$children, resolve_modules_datanames, simplify = FALSE)
  9.       └─base::lapply(X = X, FUN = FUN, ...)
 10.         └─teal (local) FUN(X[[i]], ...)
 11.           └─base::sapply(modules$children, resolve_modules_datanames, simplify = FALSE)
 12.             └─base::lapply(X = X, FUN = FUN, ...)
 13.               └─teal (local) FUN(X[[i]], ...)
 14.                 └─base::sapply(modules$children, resolve_modules_datanames, simplify = FALSE)
 15.                   └─base::lapply(X = X, FUN = FUN, ...)
 16.                     └─teal (local) FUN(X[[i]], ...)</failure>
    </testcase>
    <testcase time="0.0899999999999999" classname="init" name="init_data_throws_an_error_with_input_other_than_accepted_input"/>
    <testcase time="0.0100000000000002" classname="init" name="init_data_throws_an_error_with_input_other_than_accepted_input"/>
    <testcase time="0.00999999999999979" classname="init" name="init_data_throws_an_error_with_input_other_than_accepted_input"/>
    <testcase time="0.0089999999999999" classname="init" name="init_data_throws_an_error_with_input_other_than_accepted_input"/>
    <testcase time="0.0100000000000002" classname="init" name="init_data_throws_an_error_with_input_other_than_accepted_input"/>
    <testcase time="0.0859999999999999" classname="init" name="init_data_accepts_a_single_TealDataset_CDISCTealDataset">
      <failure type="failure" message="`init(data = teal.data::dataset(&quot;iris&quot;, head(iris)), modules = mods)` threw an error. ('test-init.R:30:3')">`init(data = teal.data::dataset("iris", head(iris)), modules = mods)` threw an error.
Message: Module aaa1 has datanames that are not available in a 'data':
 ADSL, ADTTE not in iris
Class:   simpleError/error/condition
Backtrace:
     ▆
  1. ├─testthat::expect_error(...) at test-init.R:30:2
  2. │ └─testthat:::quasi_capture(...)
  3. │   ├─testthat (local) .capture(...)
  4. │   │ └─base::withCallingHandlers(...)
  5. │   └─rlang::eval_bare(quo_get_expr(.quo), quo_get_env(.quo))
  6. └─teal::init(data = teal.data::dataset("iris", head(iris)), modules = mods)
  7.   └─teal (local) resolve_modules_datanames(modules = modules)
  8.     └─base::sapply(modules$children, resolve_modules_datanames, simplify = FALSE)
  9.       └─base::lapply(X = X, FUN = FUN, ...)
 10.         └─teal (local) FUN(X[[i]], ...)
 11.           └─base::sapply(modules$children, resolve_modules_datanames, simplify = FALSE)
 12.             └─base::lapply(X = X, FUN = FUN, ...)
 13.               └─teal (local) FUN(X[[i]], ...)
 14.                 └─base::sapply(modules$children, resolve_modules_datanames, simplify = FALSE)
 15.                   └─base::lapply(X = X, FUN = FUN, ...)
 16.                     └─teal (local) FUN(X[[i]], ...)</failure>
    </testcase>
    <testcase time="0.108" classname="init" name="init_data_accepts_a_single_TealDataset_CDISCTealDataset">
      <failure type="failure" message="`init(...)` threw an error. ('test-init.R:31:3')">`init(...)` threw an error.
Message: Module aaa1 has datanames that are not available in a 'data':
 ADTTE not in ADSL
Class:   simpleError/error/condition
Backtrace:
     ▆
  1. ├─testthat::expect_error(...) at test-init.R:31:2
  2. │ └─testthat:::quasi_capture(...)
  3. │   ├─testthat (local) .capture(...)
  4. │   │ └─base::withCallingHandlers(...)
  5. │   └─rlang::eval_bare(quo_get_expr(.quo), quo_get_env(.quo))
  6. └─teal::init(...)
  7.   └─teal (local) resolve_modules_datanames(modules = modules)
  8.     └─base::sapply(modules$children, resolve_modules_datanames, simplify = FALSE)
  9.       └─base::lapply(X = X, FUN = FUN, ...)
 10.         └─teal (local) FUN(X[[i]], ...)
 11.           └─base::sapply(modules$children, resolve_modules_datanames, simplify = FALSE)
 12.             └─base::lapply(X = X, FUN = FUN, ...)
 13.               └─teal (local) FUN(X[[i]], ...)
 14.                 └─base::sapply(modules$children, resolve_modules_datanames, simplify = FALSE)
 15.                   └─base::lapply(X = X, FUN = FUN, ...)
 16.                     └─teal (local) FUN(X[[i]], ...)</failure>
    </testcase>
    <testcase time="0.1" classname="init" name="init_data_accepts_a_single_TealDataset_CDISCTealDataset">
      <failure type="failure" message="`init(data = dataset_1, modules = mods)` threw an error. ('test-init.R:38:3')">`init(data = dataset_1, modules = mods)` threw an error.
Message: Module aaa1 has datanames that are not available in a 'data':
 ADSL, ADTTE not in iris
Class:   simpleError/error/condition
Backtrace:
     ▆
  1. ├─testthat::expect_error(...) at test-init.R:38:2
  2. │ └─testthat:::quasi_capture(...)
  3. │   ├─testthat (local) .capture(...)
  4. │   │ └─base::withCallingHandlers(...)
  5. │   └─rlang::eval_bare(quo_get_expr(.quo), quo_get_env(.quo))
  6. └─teal::init(data = dataset_1, modules = mods)
  7.   └─teal (local) resolve_modules_datanames(modules = modules)
  8.     └─base::sapply(modules$children, resolve_modules_datanames, simplify = FALSE)
  9.       └─base::lapply(X = X, FUN = FUN, ...)
 10.         └─teal (local) FUN(X[[i]], ...)
 11.           └─base::sapply(modules$children, resolve_modules_datanames, simplify = FALSE)
 12.             └─base::lapply(X = X, FUN = FUN, ...)
 13.               └─teal (local) FUN(X[[i]], ...)
 14.                 └─base::sapply(modules$children, resolve_modules_datanames, simplify = FALSE)
 15.                   └─base::lapply(X = X, FUN = FUN, ...)
 16.                     └─teal (local) FUN(X[[i]], ...)</failure>
    </testcase>
    <testcase time="0.106" classname="init" name="init_data_accepts_a_single_TealDataset_CDISCTealDataset">
      <failure type="failure" message="`init(data = adsl_dataset, modules = mods)` threw an error. ('test-init.R:39:3')">`init(data = adsl_dataset, modules = mods)` threw an error.
Message: Module aaa1 has datanames that are not available in a 'data':
 ADTTE not in ADSL
Class:   simpleError/error/condition
Backtrace:
     ▆
  1. ├─testthat::expect_error(...) at test-init.R:39:2
  2. │ └─testthat:::quasi_capture(...)
  3. │   ├─testthat (local) .capture(...)
  4. │   │ └─base::withCallingHandlers(...)
  5. │   └─rlang::eval_bare(quo_get_expr(.quo), quo_get_env(.quo))
  6. └─teal::init(data = adsl_dataset, modules = mods)
  7.   └─teal (local) resolve_modules_datanames(modules = modules)
  8.     └─base::sapply(modules$children, resolve_modules_datanames, simplify = FALSE)
  9.       └─base::lapply(X = X, FUN = FUN, ...)
 10.         └─teal (local) FUN(X[[i]], ...)
 11.           └─base::sapply(modules$children, resolve_modules_datanames, simplify = FALSE)
 12.             └─base::lapply(X = X, FUN = FUN, ...)
 13.               └─teal (local) FUN(X[[i]], ...)
 14.                 └─base::sapply(modules$children, resolve_modules_datanames, simplify = FALSE)
 15.                   └─base::lapply(X = X, FUN = FUN, ...)
 16.                     └─teal (local) FUN(X[[i]], ...)</failure>
    </testcase>
    <testcase time="0.163" classname="init" name="init_data_accepts_a_list_of_single_TealDataset_CDISCTealDataset_without_renaming">
      <failure type="failure" message="`init(data = list(teal.data::dataset(&quot;iris&quot;, head(iris))), modules = mods)` threw an error. ('test-init.R:48:3')">`init(data = list(teal.data::dataset("iris", head(iris))), modules = mods)` threw an error.
Message: Module aaa1 has datanames that are not available in a 'data':
 ADSL, ADTTE not in iris
Class:   simpleError/error/condition
Backtrace:
     ▆
  1. ├─testthat::expect_error(...) at test-init.R:48:2
  2. │ └─testthat:::quasi_capture(...)
  3. │   ├─testthat (local) .capture(...)
  4. │   │ └─base::withCallingHandlers(...)
  5. │   └─rlang::eval_bare(quo_get_expr(.quo), quo_get_env(.quo))
  6. └─teal::init(...)
  7.   └─teal (local) resolve_modules_datanames(modules = modules)
  8.     └─base::sapply(modules$children, resolve_modules_datanames, simplify = FALSE)
  9.       └─base::lapply(X = X, FUN = FUN, ...)
 10.         └─teal (local) FUN(X[[i]], ...)
 11.           └─base::sapply(modules$children, resolve_modules_datanames, simplify = FALSE)
 12.             └─base::lapply(X = X, FUN = FUN, ...)
 13.               └─teal (local) FUN(X[[i]], ...)
 14.                 └─base::sapply(modules$children, resolve_modules_datanames, simplify = FALSE)
 15.                   └─base::lapply(X = X, FUN = FUN, ...)
 16.                     └─teal (local) FUN(X[[i]], ...)</failure>
    </testcase>
    <testcase time="0.146" classname="init" name="init_data_accepts_a_list_of_single_TealDataset_CDISCTealDataset_without_renaming">
      <failure type="failure" message="`init(...)` threw an error. ('test-init.R:49:3')">`init(...)` threw an error.
Message: Module aaa1 has datanames that are not available in a 'data':
 ADTTE not in ADSL
Class:   simpleError/error/condition
Backtrace:
     ▆
  1. ├─testthat::expect_error(...) at test-init.R:49:2
  2. │ └─testthat:::quasi_capture(...)
  3. │   ├─testthat (local) .capture(...)
  4. │   │ └─base::withCallingHandlers(...)
  5. │   └─rlang::eval_bare(quo_get_expr(.quo), quo_get_env(.quo))
  6. └─teal::init(...)
  7.   └─teal (local) resolve_modules_datanames(modules = modules)
  8.     └─base::sapply(modules$children, resolve_modules_datanames, simplify = FALSE)
  9.       └─base::lapply(X = X, FUN = FUN, ...)
 10.         └─teal (local) FUN(X[[i]], ...)
 11.           └─base::sapply(modules$children, resolve_modules_datanames, simplify = FALSE)
 12.             └─base::lapply(X = X, FUN = FUN, ...)
 13.               └─teal (local) FUN(X[[i]], ...)
 14.                 └─base::sapply(modules$children, resolve_modules_datanames, simplify = FALSE)
 15.                   └─base::lapply(X = X, FUN = FUN, ...)
 16.                     └─teal (local) FUN(X[[i]], ...)</failure>
    </testcase>
    <testcase time="0.115" classname="init" name="init_data_accepts_a_list_of_single_TealDataset_CDISCTealDataset_without_renaming">
      <failure type="failure" message="`init(data = dataset_list, modules = mods)` threw an error. ('test-init.R:55:3')">`init(data = dataset_list, modules = mods)` threw an error.
Message: Module aaa1 has datanames that are not available in a 'data':
 ADSL, ADTTE not in iris
Class:   simpleError/error/condition
Backtrace:
     ▆
  1. ├─testthat::expect_error(...) at test-init.R:55:2
  2. │ └─testthat:::quasi_capture(...)
  3. │   ├─testthat (local) .capture(...)
  4. │   │ └─base::withCallingHandlers(...)
  5. │   └─rlang::eval_bare(quo_get_expr(.quo), quo_get_env(.quo))
  6. └─teal::init(data = dataset_list, modules = mods)
  7.   └─teal (local) resolve_modules_datanames(modules = modules)
  8.     └─base::sapply(modules$children, resolve_modules_datanames, simplify = FALSE)
  9.       └─base::lapply(X = X, FUN = FUN, ...)
 10.         └─teal (local) FUN(X[[i]], ...)
 11.           └─base::sapply(modules$children, resolve_modules_datanames, simplify = FALSE)
 12.             └─base::lapply(X = X, FUN = FUN, ...)
 13.               └─teal (local) FUN(X[[i]], ...)
 14.                 └─base::sapply(modules$children, resolve_modules_datanames, simplify = FALSE)
 15.                   └─base::lapply(X = X, FUN = FUN, ...)
 16.                     └─teal (local) FUN(X[[i]], ...)</failure>
    </testcase>
    <testcase time="0.111" classname="init" name="init_data_accepts_a_list_of_single_TealDataset_CDISCTealDataset_without_renaming">
      <failure type="failure" message="`init(data = cdisc_dataset_list, modules = mods)` threw an error. ('test-init.R:56:3')">`init(data = cdisc_dataset_list, modules = mods)` threw an error.
Message: Module aaa1 has datanames that are not available in a 'data':
 ADTTE not in ADSL
Class:   simpleError/error/condition
Backtrace:
     ▆
  1. ├─testthat::expect_error(...) at test-init.R:56:2
  2. │ └─testthat:::quasi_capture(...)
  3. │   ├─testthat (local) .capture(...)
  4. │   │ └─base::withCallingHandlers(...)
  5. │   └─rlang::eval_bare(quo_get_expr(.quo), quo_get_env(.quo))
  6. └─teal::init(data = cdisc_dataset_list, modules = mods)
  7.   └─teal (local) resolve_modules_datanames(modules = modules)
  8.     └─base::sapply(modules$children, resolve_modules_datanames, simplify = FALSE)
  9.       └─base::lapply(X = X, FUN = FUN, ...)
 10.         └─teal (local) FUN(X[[i]], ...)
 11.           └─base::sapply(modules$children, resolve_modules_datanames, simplify = FALSE)
 12.             └─base::lapply(X = X, FUN = FUN, ...)
 13.               └─teal (local) FUN(X[[i]], ...)
 14.                 └─base::sapply(modules$children, resolve_modules_datanames, simplify = FALSE)
 15.                   └─base::lapply(X = X, FUN = FUN, ...)
 16.                     └─teal (local) FUN(X[[i]], ...)</failure>
    </testcase>
    <testcase time="0.119000000000001" classname="init" name="init_data_accepts_a_single_dataframe">
      <failure type="failure" message="`init(data = adsl_df, modules = mods)` threw an error. ('test-init.R:60:3')">`init(data = adsl_df, modules = mods)` threw an error.
Message: Module aaa1 has datanames that are not available in a 'data':
 ADSL, ADTTE not in adsl_df
Class:   simpleError/error/condition
Backtrace:
     ▆
  1. ├─testthat::expect_error(...) at test-init.R:60:2
  2. │ └─testthat:::quasi_capture(...)
  3. │   ├─testthat (local) .capture(...)
  4. │   │ └─base::withCallingHandlers(...)
  5. │   └─rlang::eval_bare(quo_get_expr(.quo), quo_get_env(.quo))
  6. └─teal::init(data = adsl_df, modules = mods)
  7.   └─teal (local) resolve_modules_datanames(modules = modules)
  8.     └─base::sapply(modules$children, resolve_modules_datanames, simplify = FALSE)
  9.       └─base::lapply(X = X, FUN = FUN, ...)
 10.         └─teal (local) FUN(X[[i]], ...)
 11.           └─base::sapply(modules$children, resolve_modules_datanames, simplify = FALSE)
 12.             └─base::lapply(X = X, FUN = FUN, ...)
 13.               └─teal (local) FUN(X[[i]], ...)
 14.                 └─base::sapply(modules$children, resolve_modules_datanames, simplify = FALSE)
 15.                   └─base::lapply(X = X, FUN = FUN, ...)
 16.                     └─teal (local) FUN(X[[i]], ...)</failure>
    </testcase>
    <testcase time="0.12" classname="init" name="init_data_accepts_a_list_of_single_dataframe_without_renaming">
      <failure type="failure" message="`init(data = list(adsl_df), modules = mods)` threw an error. ('test-init.R:64:3')">`init(data = list(adsl_df), modules = mods)` threw an error.
Message: Module aaa1 has datanames that are not available in a 'data':
 ADSL, ADTTE not in adsl_df
Class:   simpleError/error/condition
Backtrace:
     ▆
  1. ├─testthat::expect_error(...) at test-init.R:64:2
  2. │ └─testthat:::quasi_capture(...)
  3. │   ├─testthat (local) .capture(...)
  4. │   │ └─base::withCallingHandlers(...)
  5. │   └─rlang::eval_bare(quo_get_expr(.quo), quo_get_env(.quo))
  6. └─teal::init(data = list(adsl_df), modules = mods)
  7.   └─teal (local) resolve_modules_datanames(modules = modules)
  8.     └─base::sapply(modules$children, resolve_modules_datanames, simplify = FALSE)
  9.       └─base::lapply(X = X, FUN = FUN, ...)
 10.         └─teal (local) FUN(X[[i]], ...)
 11.           └─base::sapply(modules$children, resolve_modules_datanames, simplify = FALSE)
 12.             └─base::lapply(X = X, FUN = FUN, ...)
 13.               └─teal (local) FUN(X[[i]], ...)
 14.                 └─base::sapply(modules$children, resolve_modules_datanames, simplify = FALSE)
 15.                   └─base::lapply(X = X, FUN = FUN, ...)
 16.                     └─teal (local) FUN(X[[i]], ...)</failure>
    </testcase>
    <testcase time="0.122" classname="init" name="init_data_accepts_a_list_of_single_dataframe_with_renaming">
      <failure type="failure" message="`init(data = list(data1 = adsl_df), modules = mods)` threw an error. ('test-init.R:69:3')">`init(data = list(data1 = adsl_df), modules = mods)` threw an error.
Message: Module aaa1 has datanames that are not available in a 'data':
 ADSL, ADTTE not in data1
Class:   simpleError/error/condition
Backtrace:
     ▆
  1. ├─testthat::expect_error(...) at test-init.R:69:2
  2. │ └─testthat:::quasi_capture(...)
  3. │   ├─testthat (local) .capture(...)
  4. │   │ └─base::withCallingHandlers(...)
  5. │   └─rlang::eval_bare(quo_get_expr(.quo), quo_get_env(.quo))
  6. └─teal::init(data = list(data1 = adsl_df), modules = mods)
  7.   └─teal (local) resolve_modules_datanames(modules = modules)
  8.     └─base::sapply(modules$children, resolve_modules_datanames, simplify = FALSE)
  9.       └─base::lapply(X = X, FUN = FUN, ...)
 10.         └─teal (local) FUN(X[[i]], ...)
 11.           └─base::sapply(modules$children, resolve_modules_datanames, simplify = FALSE)
 12.             └─base::lapply(X = X, FUN = FUN, ...)
 13.               └─teal (local) FUN(X[[i]], ...)
 14.                 └─base::sapply(modules$children, resolve_modules_datanames, simplify = FALSE)
 15.                   └─base::lapply(X = X, FUN = FUN, ...)
 16.                     └─teal (local) FUN(X[[i]], ...)</failure>
    </testcase>
    <testcase time="0.12" classname="init" name="init_data_accepts_a_list_of_single_dataframe_with_renaming">
      <failure type="failure" message="`init(data = adsl_list, modules = mods)` threw an error. ('test-init.R:70:3')">`init(data = adsl_list, modules = mods)` threw an error.
Message: Module aaa1 has datanames that are not available in a 'data':
 ADSL, ADTTE not in data1
Class:   simpleError/error/condition
Backtrace:
     ▆
  1. ├─testthat::expect_error(...) at test-init.R:70:2
  2. │ └─testthat:::quasi_capture(...)
  3. │   ├─testthat (local) .capture(...)
  4. │   │ └─base::withCallingHandlers(...)
  5. │   └─rlang::eval_bare(quo_get_expr(.quo), quo_get_env(.quo))
  6. └─teal::init(data = adsl_list, modules = mods)
  7.   └─teal (local) resolve_modules_datanames(modules = modules)
  8.     └─base::sapply(modules$children, resolve_modules_datanames, simplify = FALSE)
  9.       └─base::lapply(X = X, FUN = FUN, ...)
 10.         └─teal (local) FUN(X[[i]], ...)
 11.           └─base::sapply(modules$children, resolve_modules_datanames, simplify = FALSE)
 12.             └─base::lapply(X = X, FUN = FUN, ...)
 13.               └─teal (local) FUN(X[[i]], ...)
 14.                 └─base::sapply(modules$children, resolve_modules_datanames, simplify = FALSE)
 15.                   └─base::lapply(X = X, FUN = FUN, ...)
 16.                     └─teal (local) FUN(X[[i]], ...)</failure>
    </testcase>
    <testcase time="0.143999999999999" classname="init" name="init_data_accepts_a_list_of_a_TealDataset_and_a_dataframe_without_renaming">
      <failure type="failure" message="`init(data = list(dataset_1, adsl_df), modules = mods)` threw an error. ('test-init.R:74:3')">`init(data = list(dataset_1, adsl_df), modules = mods)` threw an error.
Message: Module aaa1 has datanames that are not available in a 'data':
 ADSL, ADTTE not in iris, adsl_df
Class:   simpleError/error/condition
Backtrace:
     ▆
  1. ├─testthat::expect_error(...) at test-init.R:74:2
  2. │ └─testthat:::quasi_capture(...)
  3. │   ├─testthat (local) .capture(...)
  4. │   │ └─base::withCallingHandlers(...)
  5. │   └─rlang::eval_bare(quo_get_expr(.quo), quo_get_env(.quo))
  6. └─teal::init(data = list(dataset_1, adsl_df), modules = mods)
  7.   └─teal (local) resolve_modules_datanames(modules = modules)
  8.     └─base::sapply(modules$children, resolve_modules_datanames, simplify = FALSE)
  9.       └─base::lapply(X = X, FUN = FUN, ...)
 10.         └─teal (local) FUN(X[[i]], ...)
 11.           └─base::sapply(modules$children, resolve_modules_datanames, simplify = FALSE)
 12.             └─base::lapply(X = X, FUN = FUN, ...)
 13.               └─teal (local) FUN(X[[i]], ...)
 14.                 └─base::sapply(modules$children, resolve_modules_datanames, simplify = FALSE)
 15.                   └─base::lapply(X = X, FUN = FUN, ...)
 16.                     └─teal (local) FUN(X[[i]], ...)</failure>
    </testcase>
    <testcase time="8.889" classname="init" name="init_data_accepts_a_single_MultiAssayExperiment_object">
      <failure type="failure" message="`init(data = miniACC, modules = mods)` threw an error. ('test-init.R:79:3')">`init(data = miniACC, modules = mods)` threw an error.
Message: Module aaa1 has datanames that are not available in a 'data':
 ADSL, ADTTE not in MAE
Class:   simpleError/error/condition
Backtrace:
     ▆
  1. ├─testthat::expect_error(...) at test-init.R:79:2
  2. │ └─testthat:::quasi_capture(...)
  3. │   ├─testthat (local) .capture(...)
  4. │   │ └─base::withCallingHandlers(...)
  5. │   └─rlang::eval_bare(quo_get_expr(.quo), quo_get_env(.quo))
  6. └─teal::init(data = miniACC, modules = mods)
  7.   └─teal (local) resolve_modules_datanames(modules = modules)
  8.     └─base::sapply(modules$children, resolve_modules_datanames, simplify = FALSE)
  9.       └─base::lapply(X = X, FUN = FUN, ...)
 10.         └─teal (local) FUN(X[[i]], ...)
 11.           └─base::sapply(modules$children, resolve_modules_datanames, simplify = FALSE)
 12.             └─base::lapply(X = X, FUN = FUN, ...)
 13.               └─teal (local) FUN(X[[i]], ...)
 14.                 └─base::sapply(modules$children, resolve_modules_datanames, simplify = FALSE)
 15.                   └─base::lapply(X = X, FUN = FUN, ...)
 16.                     └─teal (local) FUN(X[[i]], ...)</failure>
    </testcase>
    <testcase time="0.26" classname="init" name="init_data_accepts_a_list_of_a_single_MultiAssayExperiment_object_without_renaming">
      <failure type="failure" message="`init(data = list(miniACC), modules = mods)` threw an error. ('test-init.R:84:3')">`init(data = list(miniACC), modules = mods)` threw an error.
Message: Module aaa1 has datanames that are not available in a 'data':
 ADSL, ADTTE not in miniACC
Class:   simpleError/error/condition
Backtrace:
     ▆
  1. ├─testthat::expect_error(...) at test-init.R:84:2
  2. │ └─testthat:::quasi_capture(...)
  3. │   ├─testthat (local) .capture(...)
  4. │   │ └─base::withCallingHandlers(...)
  5. │   └─rlang::eval_bare(quo_get_expr(.quo), quo_get_env(.quo))
  6. └─teal::init(data = list(miniACC), modules = mods)
  7.   └─teal (local) resolve_modules_datanames(modules = modules)
  8.     └─base::sapply(modules$children, resolve_modules_datanames, simplify = FALSE)
  9.       └─base::lapply(X = X, FUN = FUN, ...)
 10.         └─teal (local) FUN(X[[i]], ...)
 11.           └─base::sapply(modules$children, resolve_modules_datanames, simplify = FALSE)
 12.             └─base::lapply(X = X, FUN = FUN, ...)
 13.               └─teal (local) FUN(X[[i]], ...)
 14.                 └─base::sapply(modules$children, resolve_modules_datanames, simplify = FALSE)
 15.                   └─base::lapply(X = X, FUN = FUN, ...)
 16.                     └─teal (local) FUN(X[[i]], ...)</failure>
    </testcase>
    <testcase time="0.236000000000001" classname="init" name="init_data_accepts_a_list_of_a_single_MultiAssayExperiment_object_with_renaming">
      <failure type="failure" message="`init(data = list(x = miniACC), modules = mods)` threw an error. ('test-init.R:89:3')">`init(data = list(x = miniACC), modules = mods)` threw an error.
Message: Module aaa1 has datanames that are not available in a 'data':
 ADSL, ADTTE not in x
Class:   simpleError/error/condition
Backtrace:
     ▆
  1. ├─testthat::expect_error(...) at test-init.R:89:2
  2. │ └─testthat:::quasi_capture(...)
  3. │   ├─testthat (local) .capture(...)
  4. │   │ └─base::withCallingHandlers(...)
  5. │   └─rlang::eval_bare(quo_get_expr(.quo), quo_get_env(.quo))
  6. └─teal::init(data = list(x = miniACC), modules = mods)
  7.   └─teal (local) resolve_modules_datanames(modules = modules)
  8.     └─base::sapply(modules$children, resolve_modules_datanames, simplify = FALSE)
  9.       └─base::lapply(X = X, FUN = FUN, ...)
 10.         └─teal (local) FUN(X[[i]], ...)
 11.           └─base::sapply(modules$children, resolve_modules_datanames, simplify = FALSE)
 12.             └─base::lapply(X = X, FUN = FUN, ...)
 13.               └─teal (local) FUN(X[[i]], ...)
 14.                 └─base::sapply(modules$children, resolve_modules_datanames, simplify = FALSE)
 15.                   └─base::lapply(X = X, FUN = FUN, ...)
 16.                     └─teal (local) FUN(X[[i]], ...)</failure>
    </testcase>
    <testcase time="0.238" classname="init" name="init_data_acceptsa_mixed_list_of_MultiAssayExperiment_object_and_data.frame">
      <failure type="failure" message="`init(data = list(x = miniACC, y = head(iris)), modules = mods)` threw an error. ('test-init.R:94:3')">`init(data = list(x = miniACC, y = head(iris)), modules = mods)` threw an error.
Message: Module aaa1 has datanames that are not available in a 'data':
 ADSL, ADTTE not in x, y
Class:   simpleError/error/condition
Backtrace:
     ▆
  1. ├─testthat::expect_error(...) at test-init.R:94:2
  2. │ └─testthat:::quasi_capture(...)
  3. │   ├─testthat (local) .capture(...)
  4. │   │ └─base::withCallingHandlers(...)
  5. │   └─rlang::eval_bare(quo_get_expr(.quo), quo_get_env(.quo))
  6. └─teal::init(data = list(x = miniACC, y = head(iris)), modules = mods)
  7.   └─teal (local) resolve_modules_datanames(modules = modules)
  8.     └─base::sapply(modules$children, resolve_modules_datanames, simplify = FALSE)
  9.       └─base::lapply(X = X, FUN = FUN, ...)
 10.         └─teal (local) FUN(X[[i]], ...)
 11.           └─base::sapply(modules$children, resolve_modules_datanames, simplify = FALSE)
 12.             └─base::lapply(X = X, FUN = FUN, ...)
 13.               └─teal (local) FUN(X[[i]], ...)
 14.                 └─base::sapply(modules$children, resolve_modules_datanames, simplify = FALSE)
 15.                   └─base::lapply(X = X, FUN = FUN, ...)
 16.                     └─teal (local) FUN(X[[i]], ...)</failure>
    </testcase>
    <testcase time="0.164" classname="init" name="init_data_accepts_a_list_of_a_TealDataset_and_a_dataframe_with_renaming">
      <failure type="failure" message="`init(...)` threw an error. ('test-init.R:98:3')">`init(...)` threw an error.
Message: Module aaa1 has datanames that are not available in a 'data':
 ADSL, ADTTE not in iris, data2
Class:   simpleError/error/condition
Backtrace:
     ▆
  1. ├─testthat::expect_error(...) at test-init.R:98:2
  2. │ └─testthat:::quasi_capture(...)
  3. │   ├─testthat (local) .capture(...)
  4. │   │ └─base::withCallingHandlers(...)
  5. │   └─rlang::eval_bare(quo_get_expr(.quo), quo_get_env(.quo))
  6. └─teal::init(...)
  7.   └─teal (local) resolve_modules_datanames(modules = modules)
  8.     └─base::sapply(modules$children, resolve_modules_datanames, simplify = FALSE)
  9.       └─base::lapply(X = X, FUN = FUN, ...)
 10.         └─teal (local) FUN(X[[i]], ...)
 11.           └─base::sapply(modules$children, resolve_modules_datanames, simplify = FALSE)
 12.             └─base::lapply(X = X, FUN = FUN, ...)
 13.               └─teal (local) FUN(X[[i]], ...)
 14.                 └─base::sapply(modules$children, resolve_modules_datanames, simplify = FALSE)
 15.                   └─base::lapply(X = X, FUN = FUN, ...)
 16.                     └─teal (local) FUN(X[[i]], ...)</failure>
    </testcase>
    <testcase time="0.149000000000001" classname="init" name="init_data_accepts_a_list_of_a_TealDataset_and_a_dataframe_with_renaming">
      <failure type="failure" message="`init(data = list(data1 = dataset_1, data2 = adsl_df), modules = mods)` threw an error. ('test-init.R:105:3')">`init(data = list(data1 = dataset_1, data2 = adsl_df), modules = mods)` threw an error.
Message: Module aaa1 has datanames that are not available in a 'data':
 ADSL, ADTTE not in iris, data2
Class:   simpleError/error/condition
Backtrace:
     ▆
  1. ├─testthat::expect_error(...) at test-init.R:105:2
  2. │ └─testthat:::quasi_capture(...)
  3. │   ├─testthat (local) .capture(...)
  4. │   │ └─base::withCallingHandlers(...)
  5. │   └─rlang::eval_bare(quo_get_expr(.quo), quo_get_env(.quo))
  6. └─teal::init(data = list(data1 = dataset_1, data2 = adsl_df), modules = mods)
  7.   └─teal (local) resolve_modules_datanames(modules = modules)
  8.     └─base::sapply(modules$children, resolve_modules_datanames, simplify = FALSE)
  9.       └─base::lapply(X = X, FUN = FUN, ...)
 10.         └─teal (local) FUN(X[[i]], ...)
 11.           └─base::sapply(modules$children, resolve_modules_datanames, simplify = FALSE)
 12.             └─base::lapply(X = X, FUN = FUN, ...)
 13.               └─teal (local) FUN(X[[i]], ...)
 14.                 └─base::sapply(modules$children, resolve_modules_datanames, simplify = FALSE)
 15.                   └─base::lapply(X = X, FUN = FUN, ...)
 16.                     └─teal (local) FUN(X[[i]], ...)</failure>
    </testcase>
    <testcase time="0.153" classname="init" name="init_data_accepts_a_list_of_mixed_TealDataset_and_dataframe_with_mixed_renaming">
      <failure type="failure" message="`init(...)` threw an error. ('test-init.R:109:3')">`init(...)` threw an error.
Message: Module aaa1 has datanames that are not available in a 'data':
 ADSL, ADTTE not in iris, adsl_df
Class:   simpleError/error/condition
Backtrace:
     ▆
  1. ├─testthat::expect_error(...) at test-init.R:109:2
  2. │ └─testthat:::quasi_capture(...)
  3. │   ├─testthat (local) .capture(...)
  4. │   │ └─base::withCallingHandlers(...)
  5. │   └─rlang::eval_bare(quo_get_expr(.quo), quo_get_env(.quo))
  6. └─teal::init(...)
  7.   └─teal (local) resolve_modules_datanames(modules = modules)
  8.     └─base::sapply(modules$children, resolve_modules_datanames, simplify = FALSE)
  9.       └─base::lapply(X = X, FUN = FUN, ...)
 10.         └─teal (local) FUN(X[[i]], ...)
 11.           └─base::sapply(modules$children, resolve_modules_datanames, simplify = FALSE)
 12.             └─base::lapply(X = X, FUN = FUN, ...)
 13.               └─teal (local) FUN(X[[i]], ...)
 14.                 └─base::sapply(modules$children, resolve_modules_datanames, simplify = FALSE)
 15.                   └─base::lapply(X = X, FUN = FUN, ...)
 16.                     └─teal (local) FUN(X[[i]], ...)</failure>
    </testcase>
    <testcase time="0.141" classname="init" name="init_data_accepts_a_list_of_mixed_TealDataset_and_dataframe_with_mixed_renaming">
      <failure type="failure" message="`init(data = list(dataset_1, data2 = adsl_df), modules = mods)` threw an error. ('test-init.R:110:3')">`init(data = list(dataset_1, data2 = adsl_df), modules = mods)` threw an error.
Message: Module aaa1 has datanames that are not available in a 'data':
 ADSL, ADTTE not in iris, data2
Class:   simpleError/error/condition
Backtrace:
     ▆
  1. ├─testthat::expect_error(...) at test-init.R:110:2
  2. │ └─testthat:::quasi_capture(...)
  3. │   ├─testthat (local) .capture(...)
  4. │   │ └─base::withCallingHandlers(...)
  5. │   └─rlang::eval_bare(quo_get_expr(.quo), quo_get_env(.quo))
  6. └─teal::init(data = list(dataset_1, data2 = adsl_df), modules = mods)
  7.   └─teal (local) resolve_modules_datanames(modules = modules)
  8.     └─base::sapply(modules$children, resolve_modules_datanames, simplify = FALSE)
  9.       └─base::lapply(X = X, FUN = FUN, ...)
 10.         └─teal (local) FUN(X[[i]], ...)
 11.           └─base::sapply(modules$children, resolve_modules_datanames, simplify = FALSE)
 12.             └─base::lapply(X = X, FUN = FUN, ...)
 13.               └─teal (local) FUN(X[[i]], ...)
 14.                 └─base::sapply(modules$children, resolve_modules_datanames, simplify = FALSE)
 15.                   └─base::lapply(X = X, FUN = FUN, ...)
 16.                     └─teal (local) FUN(X[[i]], ...)</failure>
    </testcase>
    <testcase time="0.148" classname="init" name="init_data_accepts_TealDatasetConnector_object">
      <failure type="failure" message="`init(data = dsc1, modules = mods)` threw an error. ('test-init.R:115:3')">`init(data = dsc1, modules = mods)` threw an error.
Message: Module aaa1 has datanames that are not available in a 'data':
 ADSL, ADTTE not in iris
Class:   simpleError/error/condition
Backtrace:
     ▆
  1. ├─testthat::expect_error(init(data = dsc1, modules = mods), NA) at test-init.R:115:2
  2. │ └─testthat:::quasi_capture(...)
  3. │   ├─testthat (local) .capture(...)
  4. │   │ └─base::withCallingHandlers(...)
  5. │   └─rlang::eval_bare(quo_get_expr(.quo), quo_get_env(.quo))
  6. └─teal::init(data = dsc1, modules = mods)
  7.   └─teal (local) resolve_modules_datanames(modules = modules)
  8.     └─base::sapply(modules$children, resolve_modules_datanames, simplify = FALSE)
  9.       └─base::lapply(X = X, FUN = FUN, ...)
 10.         └─teal (local) FUN(X[[i]], ...)
 11.           └─base::sapply(modules$children, resolve_modules_datanames, simplify = FALSE)
 12.             └─base::lapply(X = X, FUN = FUN, ...)
 13.               └─teal (local) FUN(X[[i]], ...)
 14.                 └─base::sapply(modules$children, resolve_modules_datanames, simplify = FALSE)
 15.                   └─base::lapply(X = X, FUN = FUN, ...)
 16.                     └─teal (local) FUN(X[[i]], ...)</failure>
    </testcase>
    <testcase time="0.129" classname="init" name="init_data_accepts_TealDatasetConnector_object">
      <failure type="failure" message="`init(...)` threw an error. ('test-init.R:116:3')">`init(...)` threw an error.
Message: Module aaa1 has datanames that are not available in a 'data':
 ADSL, ADTTE not in iris
Class:   simpleError/error/condition
Backtrace:
     ▆
  1. ├─testthat::expect_error(...) at test-init.R:116:2
  2. │ └─testthat:::quasi_capture(...)
  3. │   ├─testthat (local) .capture(...)
  4. │   │ └─base::withCallingHandlers(...)
  5. │   └─rlang::eval_bare(quo_get_expr(.quo), quo_get_env(.quo))
  6. └─teal::init(...)
  7.   └─teal (local) resolve_modules_datanames(modules = modules)
  8.     └─base::sapply(modules$children, resolve_modules_datanames, simplify = FALSE)
  9.       └─base::lapply(X = X, FUN = FUN, ...)
 10.         └─teal (local) FUN(X[[i]], ...)
 11.           └─base::sapply(modules$children, resolve_modules_datanames, simplify = FALSE)
 12.             └─base::lapply(X = X, FUN = FUN, ...)
 13.               └─teal (local) FUN(X[[i]], ...)
 14.                 └─base::sapply(modules$children, resolve_modules_datanames, simplify = FALSE)
 15.                   └─base::lapply(X = X, FUN = FUN, ...)
 16.                     └─teal (local) FUN(X[[i]], ...)</failure>
    </testcase>
    <testcase time="0.159000000000001" classname="init" name="init_data_accepts_a_list_of_TealDatasetConnector_object">
      <failure type="failure" message="`init(data = dsc1, modules = mods)` threw an error. ('test-init.R:124:3')">`init(data = dsc1, modules = mods)` threw an error.
Message: Module aaa1 has datanames that are not available in a 'data':
 ADSL, ADTTE not in iris
Class:   simpleError/error/condition
Backtrace:
     ▆
  1. ├─testthat::expect_error(init(data = dsc1, modules = mods), NA) at test-init.R:124:2
  2. │ └─testthat:::quasi_capture(...)
  3. │   ├─testthat (local) .capture(...)
  4. │   │ └─base::withCallingHandlers(...)
  5. │   └─rlang::eval_bare(quo_get_expr(.quo), quo_get_env(.quo))
  6. └─teal::init(data = dsc1, modules = mods)
  7.   └─teal (local) resolve_modules_datanames(modules = modules)
  8.     └─base::sapply(modules$children, resolve_modules_datanames, simplify = FALSE)
  9.       └─base::lapply(X = X, FUN = FUN, ...)
 10.         └─teal (local) FUN(X[[i]], ...)
 11.           └─base::sapply(modules$children, resolve_modules_datanames, simplify = FALSE)
 12.             └─base::lapply(X = X, FUN = FUN, ...)
 13.               └─teal (local) FUN(X[[i]], ...)
 14.                 └─base::sapply(modules$children, resolve_modules_datanames, simplify = FALSE)
 15.                   └─base::lapply(X = X, FUN = FUN, ...)
 16.                     └─teal (local) FUN(X[[i]], ...)</failure>
    </testcase>
    <testcase time="0.135999999999999" classname="init" name="init_data_accepts_a_list_of_TealDatasetConnector_object">
      <failure type="failure" message="`init(...)` threw an error. ('test-init.R:125:3')">`init(...)` threw an error.
Message: Module aaa1 has datanames that are not available in a 'data':
 ADSL, ADTTE not in iris
Class:   simpleError/error/condition
Backtrace:
     ▆
  1. ├─testthat::expect_error(...) at test-init.R:125:2
  2. │ └─testthat:::quasi_capture(...)
  3. │   ├─testthat (local) .capture(...)
  4. │   │ └─base::withCallingHandlers(...)
  5. │   └─rlang::eval_bare(quo_get_expr(.quo), quo_get_env(.quo))
  6. └─teal::init(...)
  7.   └─teal (local) resolve_modules_datanames(modules = modules)
  8.     └─base::sapply(modules$children, resolve_modules_datanames, simplify = FALSE)
  9.       └─base::lapply(X = X, FUN = FUN, ...)
 10.         └─teal (local) FUN(X[[i]], ...)
 11.           └─base::sapply(modules$children, resolve_modules_datanames, simplify = FALSE)
 12.             └─base::lapply(X = X, FUN = FUN, ...)
 13.               └─teal (local) FUN(X[[i]], ...)
 14.                 └─base::sapply(modules$children, resolve_modules_datanames, simplify = FALSE)
 15.                   └─base::lapply(X = X, FUN = FUN, ...)
 16.                     └─teal (local) FUN(X[[i]], ...)</failure>
    </testcase>
    <testcase time="0.244" classname="init" name="init_modules_accepts_a_teal_modules_object"/>
    <testcase time="0.123000000000001" classname="init" name="init_modules_accepts_a_list_of_teal_module_elements"/>
    <testcase time="0.112" classname="init" name="init_modules_accepts_a_teal_module_object"/>
    <testcase time="0.118999999999998" classname="init" name="init_filter_accepts_named_list_or_teal_slices_">
      <failure type="failure" message="Expected `init(data = dataset_1, modules = mods, filter = fl)` to run without any errors. ('test-init.R:157:3')">Expected `init(data = dataset_1, modules = mods, filter = fl)` to run without any errors.
ℹ Actually got a &lt;simpleError&gt; with text:
  Module aaa1 has datanames that are not available in a 'data':
   ADSL, ADTTE not in iris</failure>
    </testcase>
    <testcase time="0.0130000000000017" classname="init" name="init_filter_accepts_named_list_or_teal_slices_"/>
    <testcase time="0.0940000000000012" classname="init" name="init_filter_accepts_named_list_or_teal_slices_">
      <failure type="failure" message="Expected `init(data = dataset_1, modules = mods, filter = fs)` to run without any errors. ('test-init.R:158:3')">Expected `init(data = dataset_1, modules = mods, filter = fs)` to run without any errors.
ℹ Actually got a &lt;simpleError&gt; with text:
  Module aaa1 has datanames that are not available in a 'data':
   ADSL, ADTTE not in iris</failure>
    </testcase>
    <testcase time="0.0129999999999981" classname="init" name="init_filter_accepts_named_list_or_teal_slices_"/>
    <testcase time="0.032" classname="init" name="init_filter_accepts_named_list_or_teal_slices_"/>
  </testsuite>
  <testsuite name="module_nested_tabs" timestamp="2023-10-04T12:03:56Z" hostname="0bec493afbfb" tests="38" skipped="0" failures="0" errors="0" time="2.487">
    <testcase time="0.0500000000000007" classname="module_nested_tabs" name="srv_nested_tabs_throws_error_if_reporter_is_not_inherited_from_class_Reporter"/>
    <testcase time="0.0799999999999983" classname="module_nested_tabs" name="passed_shiny_module_is_initialized_only_when_the_UI_is_triggered"/>
    <testcase time="0.0720000000000027" classname="module_nested_tabs" name="passed_shiny_module_is_initialized_only_when_the_UI_is_triggered"/>
    <testcase time="0.0599999999999987" classname="module_nested_tabs" name="nested_teal_modules_are_initialized_when_the_UI_is_triggered"/>
    <testcase time="0.123000000000001" classname="module_nested_tabs" name="nested_teal_modules_are_initialized_when_the_UI_is_triggered"/>
    <testcase time="0.0599999999999987" classname="module_nested_tabs" name="modules_reactive_is_a_list_of_reactives"/>
    <testcase time="0.00199999999999889" classname="module_nested_tabs" name="modules_reactive_is_a_list_of_reactives"/>
    <testcase time="0.00100000000000122" classname="module_nested_tabs" name="modules_reactive_is_a_list_of_reactives"/>
    <testcase time="0.0790000000000006" classname="module_nested_tabs" name="modules_reactive_returns_modules_according_to_selection_in_the_nested_tabs"/>
    <testcase time="0.0359999999999978" classname="module_nested_tabs" name="modules_reactive_returns_modules_according_to_selection_in_the_nested_tabs"/>
    <testcase time="0.0160000000000018" classname="module_nested_tabs" name="Change_of_this_tab_returns_active_module_from_this_tab"/>
    <testcase time="0.00900000000000034" classname="module_nested_tabs" name="Change_of_this_tab_returns_active_module_from_this_tab"/>
    <testcase time="0.0489999999999995" classname="module_nested_tabs" name="srv_nested_tabs.teal_module_does_not_pass_data_if_not_in_the_args_explicitly"/>
    <testcase time="0.128" classname="module_nested_tabs" name="srv_nested_tabs.teal_module_does_pass_data_if_in_the_args_explicitly"/>
    <testcase time="0.0650000000000013" classname="module_nested_tabs" name="srv_nested_tabs.teal_module_passes_data_to_the_server_module"/>
    <testcase time="0.0289999999999999" classname="module_nested_tabs" name="srv_nested_tabs.teal_module_passes_datasets_to_the_server_module"/>
    <testcase time="0.0299999999999976" classname="module_nested_tabs" name="srv_nested_tabs.teal_module_passes_server_args_to_the_..."/>
    <testcase time="0.0640000000000001" classname="module_nested_tabs" name="srv_nested_tabs.teal_module_warns_if_both_data_and_datasets_are_passed"/>
    <testcase time="0.0500000000000007" classname="module_nested_tabs" name="srv_nested_tabs.teal_module_doesn_t_pass_filter_panel_api_if_not_in_the_args_explicitly"/>
    <testcase time="0.0450000000000017" classname="module_nested_tabs" name="srv_nested_tabs.teal_module_passes_filter_panel_api_when_passed_in_the_args_explicitly"/>
    <testcase time="0.0289999999999999" classname="module_nested_tabs" name="srv_nested_tabs.teal_module_passes_filter_panel_api_to_the_server_module"/>
    <testcase time="0.439" classname="module_nested_tabs" name=".datasets_to_data_accepts_a_reactiveVal_as_trigger_data_input"/>
    <testcase time="0.116999999999997" classname="module_nested_tabs" name=".datasets_to_data_throws_error_if_trigger_data_is_not_a_reactiveVal_function"/>
    <testcase time="0.163" classname="module_nested_tabs" name=".datasets_to_data_returns_data_which_is_filtered"/>
    <testcase time="0.00400000000000134" classname="module_nested_tabs" name=".datasets_to_data_returns_data_which_is_filtered"/>
    <testcase time="0.0719999999999992" classname="module_nested_tabs" name=".datasets_to_data_returns_only_data_requested_by_modules_datanames"/>
    <testcase time="0.0670000000000002" classname="module_nested_tabs" name=".datasets_to_data_returns_tdata_object"/>
    <testcase time="0.0109999999999992" classname="module_nested_tabs" name=".datasets_to_data_returns_tdata_object"/>
    <testcase time="0.0370000000000026" classname="module_nested_tabs" name=".datasets_to_data_returns_tdata_object"/>
    <testcase time="0.00299999999999656" classname="module_nested_tabs" name=".datasets_to_data_returns_tdata_object"/>
    <testcase time="0.00600000000000023" classname="module_nested_tabs" name=".datasets_to_data_returns_tdata_object"/>
    <testcase time="0.177000000000003" classname="module_nested_tabs" name="calculate_hashes_takes_a_FilteredData_and_vector_of_datanames_as_input"/>
    <testcase time="0.046999999999997" classname="module_nested_tabs" name="calculate_hashes_takes_a_FilteredData_and_vector_of_datanames_as_input"/>
    <testcase time="0.100000000000001" classname="module_nested_tabs" name="calculate_hashes_returns_a_named_list"/>
    <testcase time="0.00100000000000122" classname="module_nested_tabs" name="calculate_hashes_returns_a_named_list"/>
    <testcase time="0.00199999999999889" classname="module_nested_tabs" name="calculate_hashes_returns_a_named_list"/>
    <testcase time="0.145" classname="module_nested_tabs" name="calculate_hashes_returns_the_hash_of_the_non_Filtered_dataset"/>
    <testcase time="0.0190000000000019" classname="module_nested_tabs" name="calculate_hashes_returns_the_hash_of_the_non_Filtered_dataset"/>
  </testsuite>
  <testsuite name="module_tabs_with_filters" timestamp="2023-10-04T12:03:59Z" hostname="0bec493afbfb" tests="8" skipped="0" failures="0" errors="0" time="2.095">
    <testcase time="0.0299999999999976" classname="module_tabs_with_filters" name="srv_tabs_with_filters_throws_error_if_reporter_is_not_of_class_Reporter"/>
    <testcase time="0.779" classname="module_tabs_with_filters" name="active_module_returns_module_specs_from_active_tab_when_filter.module_specific_FALSE"/>
    <testcase time="0.0860000000000021" classname="module_tabs_with_filters" name="active_module_returns_module_specs_from_active_tab_when_filter.module_specific_FALSE"/>
    <testcase time="0.0389999999999979" classname="module_tabs_with_filters" name="srv_tabs_with_filters_throws_error_if_reporter_is_not_of_class_Reporter"/>
    <testcase time="0.449000000000002" classname="module_tabs_with_filters" name="active_datanames_returns_dataname_from_single_tab"/>
    <testcase time="0.286999999999999" classname="module_tabs_with_filters" name="active_datanames_returns_dataname_from_active_tab_after_change"/>
    <testcase time="0.379999999999999" classname="module_tabs_with_filters" name="active_datanames_returns_dataname_from_active_tab_after_change"/>
    <testcase time="0.0450000000000017" classname="module_tabs_with_filters" name="active_datanames_returns_dataname_from_active_tab_after_change"/>
  </testsuite>
  <testsuite name="module_teal" timestamp="2023-10-04T12:04:01Z" hostname="0bec493afbfb" tests="8" skipped="0" failures="0" errors="1" time="0.509">
    <testcase time="0.0859999999999985" classname="module_teal" name="srv_teal_fails_when_raw_data_is_not_reactive"/>
    <testcase time="0.0680000000000014" classname="module_teal" name="srv_teal_initializes_the_data_when_raw_data_changes">
      <error type="error" message="&lt;shiny.silent.error/validation/error/condition&gt; ('test-module_teal.R:30:3')">&lt;shiny.silent.error/validation/error/condition&gt;
Error: 
Backtrace:
     ▆
  1. ├─shiny::testServer(...) at test-module_teal.R:30:2
  2. │ ├─shiny:::withMockContext(...)
  3. │ │ ├─shiny::isolate(...)
  4. │ │ │ ├─shiny::..stacktraceoff..(...)
  5. │ │ │ └─ctx$run(...)
  6. │ │ │   ├─promises::with_promise_domain(...)
  7. │ │ │   │ └─domain$wrapSync(expr)
  8. │ │ │   ├─shiny::withReactiveDomain(...)
  9. │ │ │   │ └─promises::with_promise_domain(...)
 10. │ │ │   │   └─domain$wrapSync(expr)
 11. │ │ │   │     └─base::force(expr)
 12. │ │ │   └─env$runWith(self, func)
 13. │ │ │     └─shiny (local) contextFunc()
 14. │ │ │       └─shiny::..stacktraceon..(expr)
 15. │ │ ├─shiny::withReactiveDomain(...)
 16. │ │ │ └─promises::with_promise_domain(...)
 17. │ │ │   └─domain$wrapSync(expr)
 18. │ │ │     └─base::force(expr)
 19. │ │ └─withr::with_options(...)
 20. │ │   └─base::force(code)
 21. │ └─rlang::eval_tidy(quosure, mask, rlang::caller_env())
 22. ├─testthat::expect_null(datasets_reactive()) at test-module_teal.R:38:6
 23. │ └─testthat::quasi_label(enquo(object), label, arg = "object")
 24. │   └─rlang::eval_bare(expr, quo_get_env(quo))
 25. └─shiny (local) datasets_reactive()
 26.   ├─shiny::..stacktraceoff..(self$.updateValue())
 27.   └─self$.updateValue()
 28.     └─ctx$run(...)
 29.       ├─promises::with_promise_domain(...)
 30.       │ └─domain$wrapSync(expr)
 31.       ├─shiny::withReactiveDomain(...)
 32.       │ └─promises::with_promise_domain(...)
 33.       │   └─domain$wrapSync(expr)
 34.       │     └─base::force(expr)
 35.       └─env$runWith(self, func)
 36.         └─shiny (local) contextFunc()
 37.           ├─base::withCallingHandlers(...)
 38.           ├─base::withVisible(.func())
 39.           └─shiny (local) .func()
 40.             └─shiny (local) `&lt;reactive:eventReactive(raw_data())&gt;`(...)
 41.               └─shiny:::hybrid_chain(...)
 42.                 └─shiny (local) do()
 43.                   └─base::tryCatch(...)
 44.                     └─base (local) tryCatchList(expr, classes, parentenv, handlers)
 45.                       └─base (local) tryCatchOne(expr, names, parentenv, handlers[[1L]])
 46.                         └─value[[3L]](cond)</error>
    </testcase>
    <testcase time="0.122" classname="module_teal" name="srv_teal_initialized_data_list_structure_reflects_modules"/>
    <testcase time="0.00199999999999889" classname="module_teal" name="srv_teal_initialized_data_list_structure_reflects_modules"/>
    <testcase time="0.0689999999999991" classname="module_teal" name="srv_teal_initialized_data_containing_same_FilteredData_when_the_filter_is_global"/>
    <testcase time="0.00300000000000011" classname="module_teal" name="srv_teal_initialized_data_containing_same_FilteredData_when_the_filter_is_global"/>
    <testcase time="0.152000000000001" classname="module_teal" name="srv_teal_initialized_data_containing_different_FilteredData_when_the_filter_is_module_specific"/>
    <testcase time="0.0069999999999979" classname="module_teal" name="srv_teal_initialized_data_containing_different_FilteredData_when_the_filter_is_module_specific"/>
  </testsuite>
  <testsuite name="module_teal_with_splash" timestamp="2023-10-04T12:04:01Z" hostname="0bec493afbfb" tests="5" skipped="0" failures="0" errors="2" time="0.302">
    <testcase time="0.0570000000000022" classname="module_teal_with_splash" name="srv_teal_with_splash_creates_reactiveVal_returning_data_input"/>
    <testcase time="0.00199999999999889" classname="module_teal_with_splash" name="srv_teal_with_splash_creates_reactiveVal_returning_data_input"/>
    <testcase time="0.054000000000002" classname="module_teal_with_splash" name="srv_teal_with_splash_creates_raw_data_based_on_DDL_returns_NULL_before_loading">
      <error type="error" message="Error: 'is_pulled' is not an exported object from 'namespace:teal.data' ('test-module_teal_with_splash.R:28:3')">Error: 'is_pulled' is not an exported object from 'namespace:teal.data'
Backtrace:
     ▆
  1. └─shiny::testServer(...) at test-module_teal_with_splash.R:28:2
  2.   ├─shiny:::withMockContext(session, rlang::exec(app, !!!args))
  3.   │ ├─shiny::isolate(...)
  4.   │ │ ├─shiny::..stacktraceoff..(...)
  5.   │ │ └─ctx$run(...)
  6.   │ │   ├─promises::with_promise_domain(...)
  7.   │ │   │ └─domain$wrapSync(expr)
  8.   │ │   ├─shiny::withReactiveDomain(...)
  9.   │ │   │ └─promises::with_promise_domain(...)
 10.   │ │   │   └─domain$wrapSync(expr)
 11.   │ │   │     └─base::force(expr)
 12.   │ │   └─env$runWith(self, func)
 13.   │ │     └─shiny (local) contextFunc()
 14.   │ │       └─shiny::..stacktraceon..(expr)
 15.   │ ├─shiny::withReactiveDomain(...)
 16.   │ │ └─promises::with_promise_domain(...)
 17.   │ │   └─domain$wrapSync(expr)
 18.   │ │     └─base::force(expr)
 19.   │ └─withr::with_options(...)
 20.   │   └─base::force(code)
 21.   ├─rlang::exec(app, !!!args)
 22.   └─teal (local) `&lt;fn&gt;`(id = "test", data = `&lt;TealData&gt;`, modules = `&lt;tel_mdls&gt;`)
 23.     └─shiny::moduleServer(...)
 24.       ├─session$setReturned(callModule(module, id, session = session))
 25.       └─shiny::callModule(module, id, session = session)
 26.         ├─shiny::withReactiveDomain(...)
 27.         │ └─promises::with_promise_domain(...)
 28.         │   └─domain$wrapSync(expr)
 29.         │     └─base::force(expr)
 30.         └─teal::module(...)</error>
    </testcase>
    <testcase time="0.0949999999999989" classname="module_teal_with_splash" name="srv_teal_with_splash_creates_raw_data_based_on_DDL_returns_pulled_data_when_loaded">
      <error type="error" message="Error: 'is_pulled' is not an exported object from 'namespace:teal.data' ('test-module_teal_with_splash.R:43:3')">Error: 'is_pulled' is not an exported object from 'namespace:teal.data'
Backtrace:
     ▆
  1. └─shiny::testServer(...) at test-module_teal_with_splash.R:43:2
  2.   ├─shiny:::withMockContext(session, rlang::exec(app, !!!args))
  3.   │ ├─shiny::isolate(...)
  4.   │ │ ├─shiny::..stacktraceoff..(...)
  5.   │ │ └─ctx$run(...)
  6.   │ │   ├─promises::with_promise_domain(...)
  7.   │ │   │ └─domain$wrapSync(expr)
  8.   │ │   ├─shiny::withReactiveDomain(...)
  9.   │ │   │ └─promises::with_promise_domain(...)
 10.   │ │   │   └─domain$wrapSync(expr)
 11.   │ │   │     └─base::force(expr)
 12.   │ │   └─env$runWith(self, func)
 13.   │ │     └─shiny (local) contextFunc()
 14.   │ │       └─shiny::..stacktraceon..(expr)
 15.   │ ├─shiny::withReactiveDomain(...)
 16.   │ │ └─promises::with_promise_domain(...)
 17.   │ │   └─domain$wrapSync(expr)
 18.   │ │     └─base::force(expr)
 19.   │ └─withr::with_options(...)
 20.   │   └─base::force(code)
 21.   ├─rlang::exec(app, !!!args)
 22.   └─teal (local) `&lt;fn&gt;`(id = "test", data = `&lt;TealData&gt;`, modules = `&lt;tel_mdls&gt;`)
 23.     └─shiny::moduleServer(...)
 24.       ├─session$setReturned(callModule(module, id, session = session))
 25.       └─shiny::callModule(module, id, session = session)
 26.         ├─shiny::withReactiveDomain(...)
 27.         │ └─promises::with_promise_domain(...)
 28.         │   └─domain$wrapSync(expr)
 29.         │     └─base::force(expr)
 30.         └─teal::module(...)</error>
    </testcase>
    <testcase time="0.0940000000000012" classname="module_teal_with_splash" name="srv_teal_with_splash_gets_observe_event_from_srv_teal"/>
  </testsuite>
  <testsuite name="modules" timestamp="2023-10-04T12:04:02Z" hostname="0bec493afbfb" tests="91" skipped="0" failures="0" errors="0" time="0.753">
    <testcase time="0.0229999999999997" classname="modules" name="Calling_module_does_not_throw"/>
    <testcase time="0.00799999999999912" classname="modules" name="module_requires_label_argument_to_be_a_string_different_than_global_filters_"/>
    <testcase time="0.0120000000000005" classname="modules" name="module_requires_label_argument_to_be_a_string_different_than_global_filters_"/>
    <testcase time="0.00900000000000034" classname="modules" name="module_requires_label_argument_to_be_a_string_different_than_global_filters_"/>
    <testcase time="0.00900000000000034" classname="modules" name="module_requires_label_argument_to_be_a_string_different_than_global_filters_"/>
    <testcase time="0.00899999999999679" classname="modules" name="module_requires_label_argument_to_be_a_string_different_than_global_filters_"/>
    <testcase time="0.00800000000000267" classname="modules" name="module_expects_server_being_a_shiny_server_module_with_any_argument"/>
    <testcase time="0.00199999999999889" classname="modules" name="module_expects_server_being_a_shiny_server_module_with_any_argument"/>
    <testcase time="0.00300000000000011" classname="modules" name="module_expects_server_being_a_shiny_server_module_with_any_argument"/>
    <testcase time="0.0100000000000016" classname="modules" name="module_expects_server_being_a_shiny_server_module_with_any_argument"/>
    <testcase time="0.00799999999999912" classname="modules" name="module_expects_server_being_a_shiny_server_module_with_any_argument"/>
    <testcase time="0.00800000000000267" classname="modules" name="module_requires_server_args_argument_to_be_a_list"/>
    <testcase time="0.00300000000000011" classname="modules" name="module_requires_server_args_argument_to_be_a_list"/>
    <testcase time="0.00199999999999889" classname="modules" name="module_requires_server_args_argument_to_be_a_list"/>
    <testcase time="0.0100000000000016" classname="modules" name="module_requires_server_args_argument_to_be_a_list"/>
    <testcase time="0.00799999999999912" classname="modules" name="module_requires_server_args_argument_to_be_a_list"/>
    <testcase time="0.00799999999999912" classname="modules" name="module_expects_all_server_args_being_a_server_arguments_or_passed_through_..._"/>
    <testcase time="0.00300000000000011" classname="modules" name="module_expects_all_server_args_being_a_server_arguments_or_passed_through_..._"/>
    <testcase time="0.00900000000000034" classname="modules" name="module_expects_all_server_args_being_a_server_arguments_or_passed_through_..._"/>
    <testcase time="0.00799999999999912" classname="modules" name="module_requires_ui_args_argument_to_be_a_list"/>
    <testcase time="0.00199999999999889" classname="modules" name="module_requires_ui_args_argument_to_be_a_list"/>
    <testcase time="0.00200000000000244" classname="modules" name="module_requires_ui_args_argument_to_be_a_list"/>
    <testcase time="0.0109999999999992" classname="modules" name="module_requires_ui_args_argument_to_be_a_list"/>
    <testcase time="0.00900000000000034" classname="modules" name="module_requires_ui_args_argument_to_be_a_list"/>
    <testcase time="0.00799999999999912" classname="modules" name="module_expects_ui_being_a_shiny_ui_module_with_any_argument"/>
    <testcase time="0.00199999999999889" classname="modules" name="module_expects_ui_being_a_shiny_ui_module_with_any_argument"/>
    <testcase time="0.0100000000000016" classname="modules" name="module_expects_ui_being_a_shiny_ui_module_with_any_argument"/>
    <testcase time="0.00900000000000034" classname="modules" name="module_expects_all_ui_args_being_a_ui_arguments_or_passed_through_..._"/>
    <testcase time="0.00199999999999889" classname="modules" name="module_expects_all_ui_args_being_a_ui_arguments_or_passed_through_..._"/>
    <testcase time="0.0109999999999992" classname="modules" name="module_expects_all_ui_args_being_a_ui_arguments_or_passed_through_..._"/>
    <testcase time="0.0120000000000005" classname="modules" name="module_requires_datanames_argument_to_be_a_character_or_NULL"/>
    <testcase time="0.00199999999999889" classname="modules" name="module_requires_datanames_argument_to_be_a_character_or_NULL"/>
    <testcase time="0.00200000000000244" classname="modules" name="module_requires_datanames_argument_to_be_a_character_or_NULL"/>
    <testcase time="0.00900000000000034" classname="modules" name="module_requires_datanames_argument_to_be_a_character_or_NULL"/>
    <testcase time="0.00199999999999889" classname="modules" name="module_requires_datanames_argument_to_be_a_character_or_NULL"/>
    <testcase time="0.0069999999999979" classname="modules" name="module_returns_list_of_class_teal_module_containing_input_objects"/>
    <testcase time="0.00200000000000244" classname="modules" name="module_returns_list_of_class_teal_module_containing_input_objects"/>
    <testcase time="0.00199999999999889" classname="modules" name="module_returns_list_of_class_teal_module_containing_input_objects"/>
    <testcase time="0.00199999999999889" classname="modules" name="module_returns_list_of_class_teal_module_containing_input_objects"/>
    <testcase time="0.00200000000000244" classname="modules" name="module_returns_list_of_class_teal_module_containing_input_objects"/>
    <testcase time="0.00199999999999889" classname="modules" name="module_returns_list_of_class_teal_module_containing_input_objects"/>
    <testcase time="0.00199999999999889" classname="modules" name="module_returns_list_of_class_teal_module_containing_input_objects"/>
    <testcase time="0.00200000000000244" classname="modules" name="module_returns_list_of_class_teal_module_containing_input_objects"/>
    <testcase time="0.0139999999999993" classname="modules" name="modules_gives_error_if_no_arguments_other_than_label_are_used"/>
    <testcase time="0.00900000000000034" classname="modules" name="modules_gives_error_if_no_arguments_other_than_label_are_used"/>
    <testcase time="0.00900000000000034" classname="modules" name="modules_requires_label_argument_to_be_a_string_"/>
    <testcase time="0.00999999999999801" classname="modules" name="modules_requires_label_argument_to_be_a_string_"/>
    <testcase time="0.0100000000000016" classname="modules" name="modules_requires_label_argument_to_be_a_string_"/>
    <testcase time="0.00900000000000034" classname="modules" name="modules_accept_teal_module_in_..."/>
    <testcase time="0.00900000000000034" classname="modules" name="modules_accept_multiple_teal_module_objects_in_..."/>
    <testcase time="0.00899999999999679" classname="modules" name="modules_accept_multiple_teal_module_and_teal_modules_objects_in_..."/>
    <testcase time="0.0150000000000006" classname="modules" name="modules_does_not_accept_objects_other_than_teal_module_s_in_..."/>
    <testcase time="0.0150000000000006" classname="modules" name="modules_does_not_accept_objects_other_than_teal_module_s_in_..."/>
    <testcase time="0.00799999999999912" classname="modules" name="modules_returns_teal_modules_object_with_label_and_children_slot"/>
    <testcase time="0.00200000000000244" classname="modules" name="modules_returns_teal_modules_object_with_label_and_children_slot"/>
    <testcase time="0.00799999999999912" classname="modules" name="modules_returns_children_as_list_with_list_named_after_label_attributes"/>
    <testcase time="0.00199999999999889" classname="modules" name="modules_returns_children_as_list_with_list_named_after_label_attributes"/>
    <testcase time="0.00200000000000244" classname="modules" name="modules_returns_children_as_list_with_list_named_after_label_attributes"/>
    <testcase time="0.014999999999997" classname="modules" name="modules_returns_useful_error_message_if_label_argument_not_explicitly_named"/>
    <testcase time="0.00800000000000267" classname="modules" name="modules_returns_children_as_list_with_unique_names_if_labels_are_duplicated"/>
    <testcase time="0.00300000000000011" classname="modules" name="modules_returns_children_as_list_with_unique_names_if_labels_are_duplicated"/>
    <testcase time="0.00199999999999889" classname="modules" name="modules_returns_children_as_list_with_unique_names_if_labels_are_duplicated"/>
    <testcase time="0.0109999999999992" classname="modules" name="modules_depth_accepts_depth_as_integer"/>
    <testcase time="0.0109999999999992" classname="modules" name="modules_depth_accepts_depth_as_integer"/>
    <testcase time="0.00900000000000034" classname="modules" name="modules_depth_returns_depth_0_by_default"/>
    <testcase time="0.00900000000000034" classname="modules" name="modules_depth_accepts_modules_to_be_teal_module_or_teal_modules"/>
    <testcase time="0.00300000000000011" classname="modules" name="modules_depth_accepts_modules_to_be_teal_module_or_teal_modules"/>
    <testcase time="0.00900000000000034" classname="modules" name="modules_depth_returns_depth_same_as_input_for_teal_module"/>
    <testcase time="0.00900000000000034" classname="modules" name="modules_depth_increases_depth_by_1_for_each_teal_modules"/>
    <testcase time="0.00300000000000011" classname="modules" name="modules_depth_increases_depth_by_1_for_each_teal_modules"/>
    <testcase time="0.0150000000000006" classname="modules" name="is_arg_used_throws_error_if_object_is_not_teal_module_or_teal_modules"/>
    <testcase time="0.00900000000000034" classname="modules" name="is_arg_used_throws_error_if_object_is_not_teal_module_or_teal_modules"/>
    <testcase time="0.0129999999999981" classname="modules" name="is_arg_used_returns_true_if_teal_module_has_given_arg_in_server_function_args"/>
    <testcase time="0.0120000000000005" classname="modules" name="is_arg_used_returns_false_if_teal_module_does_not_have_reporter_in_server_function_args"/>
    <testcase time="0.0120000000000005" classname="modules" name="is_arg_used_returns_false_if_teal_modules_has_no_children_using_given_arg_"/>
    <testcase time="0.0069999999999979" classname="modules" name="is_arg_used_returns_false_if_teal_modules_has_no_children_using_given_arg_"/>
    <testcase time="0.0120000000000005" classname="modules" name="is_arg_used_returns_true_if_teal_modules_has_at_least_one_child_using_given_arg_"/>
    <testcase time="0.00799999999999912" classname="modules" name="is_arg_used_returns_true_if_teal_modules_has_at_least_one_child_using_given_arg_"/>
    <testcase time="0.00700000000000145" classname="modules" name="is_arg_used_returns_true_if_teal_modules_has_at_least_one_child_using_given_arg_"/>
    <testcase time="0.0120000000000005" classname="modules" name="is_arg_used_returns_TRUE_FALSE_when_the_arg_is_in_function_formals"/>
    <testcase time="0.0069999999999979" classname="modules" name="is_arg_used_returns_TRUE_FALSE_when_the_arg_is_in_function_formals"/>
    <testcase time="0.0160000000000018" classname="modules" name="is_arg_used_accepts_arg_to_be_a_string_only"/>
    <testcase time="0.00900000000000034" classname="modules" name="is_arg_used_accepts_arg_to_be_a_string_only"/>
    <testcase time="0.00900000000000034" classname="modules" name="is_arg_used_accepts_arg_to_be_a_string_only"/>
    <testcase time="0.0159999999999982" classname="modules" name="append_module_throws_error_when_modules_is_not_inherited_from_teal_modules"/>
    <testcase time="0.00900000000000034" classname="modules" name="append_module_throws_error_when_modules_is_not_inherited_from_teal_modules"/>
    <testcase time="0.0169999999999995" classname="modules" name="append_module_throws_error_is_module_is_not_inherited_from_teal_module"/>
    <testcase time="0.0259999999999998" classname="modules" name="append_module_throws_error_is_module_is_not_inherited_from_teal_module"/>
    <testcase time="0.0169999999999995" classname="modules" name="append_module_appends_a_module_to_children_of_not_nested_teal_modules"/>
    <testcase time="0.0130000000000017" classname="modules" name="append_module_appends_a_module_to_children_of_nested_teal_modules"/>
    <testcase time="0.00999999999999801" classname="modules" name="append_module_produces_teal_modules_with_unique_named_children"/>
  </testsuite>
  <testsuite name="rcode_utils" timestamp="2023-10-04T12:04:03Z" hostname="0bec493afbfb" tests="7" skipped="0" failures="1" errors="0" time="0.383">
    <testcase time="0.0140000000000029" classname="rcode_utils" name="With_no_teal.load_nest_code_option_set_get_rcode_str_install_returns_default_string"/>
    <testcase time="0.00799999999999912" classname="rcode_utils" name="With_teal.load_nest_code_option_set_to_character_get_rcode_str_install_returns_option_value"/>
    <testcase time="0.00300000000000011" classname="rcode_utils" name="With_teal.load_nest_code_option_set_to_character_get_rcode_str_install_returns_option_value"/>
    <testcase time="0.00900000000000034" classname="rcode_utils" name="With_teal.load_nest_code_option_is_not_character_get_rcode_str_install_silently_returns_default_string"/>
    <testcase time="0.00199999999999889" classname="rcode_utils" name="With_teal.load_nest_code_option_is_not_character_get_rcode_str_install_silently_returns_default_string"/>
    <testcase time="0.0820000000000007" classname="rcode_utils" name="get_rcode_libraries_returns_current_session_packages"/>
    <testcase time="0.265000000000001" classname="rcode_utils" name="get_datasets_code_returns_code_only_for_specified_datanames">
      <failure type="failure" message="... &amp;&amp; ... is not TRUE ('test-rcode_utils.R:56:3')">... &amp;&amp; ... is not TRUE

`actual`:   FALSE
`expected`: TRUE </failure>
    </testcase>
  </testsuite>
  <testsuite name="report_previewer_module" timestamp="2023-10-04T12:04:03Z" hostname="0bec493afbfb" tests="5" skipped="0" failures="0" errors="0" time="0.06">
    <testcase time="0.0339999999999989" classname="report_previewer_module" name="report_previewer_module_throws_error_if_label_is_not_string"/>
    <testcase time="0.00799999999999912" classname="report_previewer_module" name="report_previewer_module_throws_error_if_label_is_not_string"/>
    <testcase time="0.00900000000000034" classname="report_previewer_module" name="report_previewer_module_throws_no_error_and_stores_label_if_label_is_string"/>
    <testcase time="0.00199999999999889" classname="report_previewer_module" name="report_previewer_module_throws_no_error_and_stores_label_if_label_is_string"/>
    <testcase time="0.00700000000000145" classname="report_previewer_module" name="report_previewer_module_default_label_is_Report_previewer_"/>
  </testsuite>
  <testsuite name="snapshot_manager" timestamp="2023-10-04T12:04:03Z" hostname="0bec493afbfb" tests="2" skipped="0" failures="0" errors="0" time="0.174">
    <testcase time="0.117999999999999" classname="snapshot_manager" name="snapshot_manager_holds_initial_state_in_history"/>
    <testcase time="0.0560000000000009" classname="snapshot_manager" name="snapshot_manager_holds_initial_state_in_history"/>
  </testsuite>
  <testsuite name="tdata" timestamp="2023-10-04T12:04:03Z" hostname="0bec493afbfb" tests="33" skipped="0" failures="0" errors="0" time="0.666">
    <testcase time="0.0970000000000013" classname="tdata" name="new_tdata_accepts_reactive_and_not_reactive_MAE_and_data.frames"/>
    <testcase time="0.0159999999999982" classname="tdata" name="new_tdata_throws_error_if_data_is_not_a_list_with_unique_names"/>
    <testcase time="0.00900000000000034" classname="tdata" name="new_tdata_throws_error_if_data_is_not_a_list_with_unique_names"/>
    <testcase time="0.0100000000000016" classname="tdata" name="new_tdata_throws_error_if_data_is_not_a_list_with_unique_names"/>
    <testcase time="0.0139999999999993" classname="tdata" name="new_tdata_throws_error_if_contents_of_data_list_are_not_of_correct_type"/>
    <testcase time="0.0130000000000017" classname="tdata" name="new_tdata_throws_error_if_contents_of_data_list_are_not_of_correct_type"/>
    <testcase time="0.0159999999999982" classname="tdata" name="new_tdata_throws_error_if_code_is_not_character_or_reactive_character"/>
    <testcase time="0.0139999999999993" classname="tdata" name="new_tdata_throws_error_if_code_is_not_character_or_reactive_character"/>
    <testcase time="0.0109999999999992" classname="tdata" name="new_tdata_accepts_character_and_reactive_characters_for_code_argument"/>
    <testcase time="0.00600000000000023" classname="tdata" name="new_tdata_accepts_character_and_reactive_characters_for_code_argument"/>
    <testcase time="0.0150000000000006" classname="tdata" name="new_tdata_throws_error_if_join_keys_is_not_of_class_JoinKeys"/>
    <testcase time="0.0100000000000016" classname="tdata" name="new_tdata_throws_no_error_if_join_keys_is_of_class_JoinKeys"/>
    <testcase time="0.0150000000000006" classname="tdata" name="new_tdata_throws_error_if_metadata_is_not_a_list_with_unique_names_a_subset_of_the_names_of_data"/>
    <testcase time="0.00900000000000034" classname="tdata" name="new_tdata_throws_error_if_metadata_is_not_a_list_with_unique_names_a_subset_of_the_names_of_data"/>
    <testcase time="0.00899999999999679" classname="tdata" name="new_tdata_throws_error_if_metadata_is_not_a_list_with_unique_names_a_subset_of_the_names_of_data"/>
    <testcase time="0.0100000000000016" classname="tdata" name="new_tdata_does_not_throw_error_with_valid_metadata"/>
    <testcase time="0.0139999999999993" classname="tdata" name="get_metadata_returns_NULL_if_no_metadata"/>
    <testcase time="0.0180000000000007" classname="tdata" name="get_metadata_returns_NULL_if_no_metadata_for_given_dataset"/>
    <testcase time="0.0109999999999992" classname="tdata" name="get_metadata_returns_metadata_for_given_dataset"/>
    <testcase time="0.0139999999999993" classname="tdata" name="get_metadata_returns_NULL_if_dataset_doesn_t_exist"/>
    <testcase time="0.0109999999999992" classname="tdata" name="get_code_returns_empty_character_if_tdata_object_has_no_code"/>
    <testcase time="0.0130000000000017" classname="tdata" name="get_code_returns_character_of_code_if_tdata_object_has_code"/>
    <testcase time="0.0069999999999979" classname="tdata" name="get_code_returns_character_of_code_if_tdata_object_has_code"/>
    <testcase time="0.0100000000000016" classname="tdata" name="get_code_tdata_accepts_tdata"/>
    <testcase time="0.0169999999999995" classname="tdata" name="get_code_tdata_throws_error_when_input_is_not_tdata"/>
    <testcase time="0.0120000000000005" classname="tdata" name="get_code_tdata_throws_error_when_input_is_not_tdata"/>
    <testcase time="0.0120000000000005" classname="tdata" name="get_code_tdata_returns_character_code"/>
    <testcase time="0.088000000000001" classname="tdata" name="tdata2env_returns_environment_containing_tdata_contents_"/>
    <testcase time="0.00300000000000011" classname="tdata" name="tdata2env_returns_environment_containing_tdata_contents_"/>
    <testcase time="0.117999999999999" classname="tdata" name="tdata2env_returns_environment_containing_tdata_contents_"/>
    <testcase time="0.0150000000000006" classname="tdata" name="tdata2env_throws_error_if_argument_is_not_tdata"/>
    <testcase time="0.0169999999999995" classname="tdata" name="get_join_keys_returns_NULL_if_no_JoinKeys_object_exists_inside_tdata"/>
    <testcase time="0.0120000000000005" classname="tdata" name="get_join_keys_returns_JoinKeys_object_if_it_exists_inside_tdata"/>
  </testsuite>
  <testsuite name="teal_reporter" timestamp="2023-10-04T12:04:04Z" hostname="0bec493afbfb" tests="25" skipped="0" failures="0" errors="0" time="0.301">
    <testcase time="0.0229999999999997" classname="teal_reporter" name="TealReportCard_object_can_be_initialized"/>
    <testcase time="0.0120000000000005" classname="teal_reporter" name="TealReportCard_inherits_from_ReportCard"/>
    <testcase time="0.0109999999999992" classname="teal_reporter" name="TealReportCard_new_returns_an_object_of_type_TealReportCard"/>
    <testcase time="0.0199999999999996" classname="teal_reporter" name="TealReportCard_get_content_returns_content_with_metadata"/>
    <testcase time="0.000999999999997669" classname="teal_reporter" name="TealReportCard_get_content_returns_content_with_metadata"/>
    <testcase time="0.00200000000000244" classname="teal_reporter" name="TealReportCard_get_content_returns_content_with_metadata"/>
    <testcase time="0.00199999999999889" classname="teal_reporter" name="TealReportCard_get_content_returns_content_with_metadata"/>
    <testcase time="0.00199999999999889" classname="teal_reporter" name="TealReportCard_get_content_returns_content_with_metadata"/>
    <testcase time="0.00900000000000034" classname="teal_reporter" name="TealReportCard_append_src_accepts_a_character"/>
    <testcase time="0.00900000000000034" classname="teal_reporter" name="TealReportCard_append_src_returns_self"/>
    <testcase time="0.00900000000000034" classname="teal_reporter" name="TealReportCard_append_src_returns_title_and_content"/>
    <testcase time="0.0100000000000016" classname="teal_reporter" name="TealReportCard_append_encodings_accepts_list_of_character"/>
    <testcase time="0.00900000000000034" classname="teal_reporter" name="TealReportCard_append_encodings_returns_self"/>
    <testcase time="0.00899999999999679" classname="teal_reporter" name="TealReportCard_append_encodings_returns_title_and_content"/>
    <testcase time="0.00200000000000244" classname="teal_reporter" name="TealReportCard_append_encodings_returns_title_and_content"/>
    <testcase time="0.0159999999999982" classname="teal_reporter" name="TealReportCard_append_fs_accepts_only_a_teal_slices"/>
    <testcase time="0.0139999999999993" classname="teal_reporter" name="TealReportCard_append_fs_accepts_only_a_teal_slices"/>
    <testcase time="0.017000000000003" classname="teal_reporter" name="TealReportCard_append_fs_returns_self"/>
    <testcase time="0.014999999999997" classname="teal_reporter" name="TealReportCard_append_fs_returns_title_and_content"/>
    <testcase time="0.00600000000000023" classname="teal_reporter" name="TealReportCard_append_fs_returns_title_and_content"/>
    <testcase time="0.0100000000000016" classname="teal_reporter" name="TealSlicesBlock_new_accepts_teal_slices_only"/>
    <testcase time="0.0139999999999993" classname="teal_reporter" name="TealSlicesBlock_new_accepts_teal_slices_only"/>
    <testcase time="0.0199999999999996" classname="teal_reporter" name="TealSlicesBlock_get_content_returns_yaml_character"/>
    <testcase time="0.0150000000000006" classname="teal_reporter" name="TealSlicesBlock_to_list_returns_list_containing_teal_slices"/>
    <testcase time="0.0440000000000005" classname="teal_reporter" name="TealSlicesBlock_from_list_retains_states_from_a_list"/>
  </testsuite>
  <testsuite name="teal_slices" timestamp="2023-10-04T12:04:04Z" hostname="0bec493afbfb" tests="18" skipped="0" failures="0" errors="0" time="0.231">
    <testcase time="0.0139999999999993" classname="teal_slices" name="teal_slices_produces_teal_slices_object_with_teal_specific_attributes"/>
    <testcase time="0.00100000000000122" classname="teal_slices" name="teal_slices_produces_teal_slices_object_with_teal_specific_attributes"/>
    <testcase time="0.00600000000000023" classname="teal_slices" name="teal_slices_produces_teal_slices_object_with_teal_specific_attributes"/>
    <testcase time="0.00199999999999889" classname="teal_slices" name="teal_slices_produces_teal_slices_object_with_teal_specific_attributes"/>
    <testcase time="0.0120000000000005" classname="teal_slices" name="teal_slices_fails_when_inexisting_teal_slice_id_is_specified_in_mapping"/>
    <testcase time="0.0139999999999993" classname="teal_slices" name="teal_slices_fails_when_inexisting_teal_slice_id_is_specified_in_mapping"/>
    <testcase time="0.0169999999999995" classname="teal_slices" name="teal_slices_processes_filter_mapping"/>
    <testcase time="0.0180000000000007" classname="teal_slices" name="teal_slices_processes_filter_mapping"/>
    <testcase time="0.0330000000000013" classname="teal_slices" name="teal_slices_drops_non_global_filters_if_module_specific_FALSE"/>
    <testcase time="0.014999999999997" classname="teal_slices" name="teal_slices_drops_non_global_filters_if_module_specific_FALSE"/>
    <testcase time="0.0300000000000011" classname="teal_slices" name="deep_copy_filters_copies_teal_slice_changes_pointer_of_teal_slice_object_but_values_remain_the_same"/>
    <testcase time="0.00700000000000145" classname="teal_slices" name="deep_copy_filters_copies_teal_slice_changes_pointer_of_teal_slice_object_but_values_remain_the_same"/>
    <testcase time="0.0150000000000006" classname="teal_slices" name="teal_slices_mapping_should_be_an_empty_list_or_a_named_list_or_missing"/>
    <testcase time="0.0069999999999979" classname="teal_slices" name="teal_slices_mapping_should_be_an_empty_list_or_a_named_list_or_missing"/>
    <testcase time="0.00600000000000023" classname="teal_slices" name="teal_slices_mapping_should_be_an_empty_list_or_a_named_list_or_missing"/>
    <testcase time="0.0109999999999992" classname="teal_slices" name="teal_slices_mapping_should_be_an_empty_list_or_a_named_list_or_missing"/>
    <testcase time="0.0120000000000005" classname="teal_slices" name="teal_slices_mapping_should_be_an_empty_list_or_a_named_list_or_missing"/>
    <testcase time="0.0109999999999992" classname="teal_slices" name="teal_slices_mapping_should_be_an_empty_list_or_a_named_list_or_missing"/>
  </testsuite>
  <testsuite name="utils" timestamp="2023-10-04T12:04:04Z" hostname="0bec493afbfb" tests="4" skipped="0" failures="0" errors="0" time="0.052">
    <testcase time="0.017000000000003" classname="utils" name="get_teal_bs_theme"/>
    <testcase time="0.0299999999999976" classname="utils" name="get_teal_bs_theme"/>
    <testcase time="0.00300000000000011" classname="utils" name="get_teal_bs_theme"/>
    <testcase time="0.00200000000000244" classname="utils" name="get_teal_bs_theme"/>
  </testsuite>
  <testsuite name="validate_has_data" timestamp="2023-10-04T12:04:04Z" hostname="0bec493afbfb" tests="17" skipped="0" failures="0" errors="0" time="0.193">
    <testcase time="0.0139999999999993" classname="validate_has_data" name="validate_has_data_throws_no_error_when_data_has_at_least_as_many_rows_as_min_nrow"/>
    <testcase time="0.00300000000000011" classname="validate_has_data" name="validate_has_data_throws_no_error_when_data_has_at_least_as_many_rows_as_min_nrow"/>
    <testcase time="0.0150000000000006" classname="validate_has_data" name="validate_has_data_throws_error_when_min_nrow_rows_of_data"/>
    <testcase time="0.00899999999999679" classname="validate_has_data" name="validate_has_data_accepts_logical_complete_argument"/>
    <testcase time="0.00300000000000011" classname="validate_has_data" name="validate_has_data_accepts_logical_complete_argument"/>
    <testcase time="0.0140000000000029" classname="validate_has_data" name="validate_has_data_throws_error_when_data_has_NA_and_complete_is_set_to_TRUE"/>
    <testcase time="0.00799999999999912" classname="validate_has_data" name="validate_has_data_accepts_logical_allow_inf_argument"/>
    <testcase time="0.0169999999999995" classname="validate_has_data" name="validate_has_data_accepts_logical_allow_inf_argument"/>
    <testcase time="0.0139999999999993" classname="validate_has_data" name="validate_has_data_accepts_throws_error_when_data_has_Inf_values_and_allow_inf_is_set_to_FALSE"/>
    <testcase time="0.0159999999999982" classname="validate_has_data" name="validate_has_data_accepts_throws_error_when_data_has_Inf_values_and_allow_inf_is_set_to_FALSE"/>
    <testcase time="0.00900000000000034" classname="validate_has_data" name="validate_has_data_accepts_throws_error_when_data_has_Inf_values_and_allow_inf_is_set_to_FALSE"/>
    <testcase time="0.00900000000000034" classname="validate_has_data" name="validate_has_data_allow_inf_argument_ignores_non_numeric_columns"/>
    <testcase time="0.00900000000000034" classname="validate_has_data" name="validate_has_data_allow_inf_argument_ignores_non_numeric_columns"/>
    <testcase time="0.0160000000000018" classname="validate_has_data" name="validate_has_data_returns_message_when_msg_argument_is_set"/>
    <testcase time="0.0139999999999993" classname="validate_has_data" name="validate_has_data_returns_message_msg_argument_is_set_and_complete_is_set_to_TRUE"/>
    <testcase time="0.0139999999999993" classname="validate_has_data" name="validate_has_data_returns_throws_error_with_non_character_msg_input"/>
    <testcase time="0.00900000000000034" classname="validate_has_data" name="validate_has_data_returns_throws_error_with_non_character_msg_input"/>
  </testsuite>
  <testsuite name="validate_inputs" timestamp="2023-10-04T12:04:05Z" hostname="0bec493afbfb" tests="36" skipped="0" failures="0" errors="0" time="1.876">
    <testcase time="0.0219999999999985" classname="validate_inputs" name="invalid_arguments_raise_errors"/>
    <testcase time="0.00799999999999912" classname="validate_inputs" name="invalid_arguments_raise_errors"/>
    <testcase time="0.049000000000003" classname="validate_inputs" name="disabled_validators_raise_warnings_individual_validators_"/>
    <testcase time="0.036999999999999" classname="validate_inputs" name="disabled_validators_raise_warnings_validator_list_"/>
    <testcase time="0.0360000000000014" classname="validate_inputs" name="disabled_validators_raise_warnings_nested_validator_list_"/>
    <testcase time="0.161999999999999" classname="validate_inputs" name="valid_inputs_produce_desired_output_individual_validators_"/>
    <testcase time="0.0440000000000005" classname="validate_inputs" name="valid_inputs_produce_desired_output_validator_list_"/>
    <testcase time="0.0380000000000003" classname="validate_inputs" name="valid_inputs_produce_desired_output_nested_validator_list_"/>
    <testcase time="0.0489999999999995" classname="validate_inputs" name="invalid_inputs_raise_errors_in_output_individual_validators_"/>
    <testcase time="0.0429999999999993" classname="validate_inputs" name="invalid_inputs_raise_errors_in_output_individual_validators_"/>
    <testcase time="0.885000000000002" classname="validate_inputs" name="invalid_inputs_raise_errors_in_output_individual_validators_"/>
    <testcase time="0.0559999999999974" classname="validate_inputs" name="invalid_inputs_raise_errors_in_output_validator_list_"/>
    <testcase time="0.0510000000000019" classname="validate_inputs" name="invalid_inputs_raise_errors_in_output_validator_list_"/>
    <testcase time="0.0410000000000004" classname="validate_inputs" name="invalid_inputs_raise_errors_in_output_validator_list_"/>
    <testcase time="0.0549999999999997" classname="validate_inputs" name="invalid_inputs_raise_errors_in_output_nested_validator_list_"/>
    <testcase time="0.041999999999998" classname="validate_inputs" name="invalid_inputs_raise_errors_in_output_nested_validator_list_"/>
    <testcase time="0.0450000000000017" classname="validate_inputs" name="invalid_inputs_raise_errors_in_output_nested_validator_list_"/>
    <testcase time="0.0700000000000003" classname="validate_inputs" name="error_message_is_formatted_properly"/>
    <testcase time="0.0139999999999993" classname="validate_inputs" name="error_message_is_formatted_properly"/>
    <testcase time="0.0109999999999992" classname="validate_inputs" name="error_message_is_formatted_properly"/>
    <testcase time="0.0109999999999992" classname="validate_inputs" name="error_message_is_formatted_properly"/>
    <testcase time="0.0100000000000016" classname="validate_inputs" name="error_message_is_formatted_properly"/>
    <testcase time="0.00299999999999656" classname="validate_inputs" name="error_message_is_formatted_properly"/>
    <testcase time="0.00300000000000011" classname="validate_inputs" name="error_message_is_formatted_properly"/>
    <testcase time="0.00200000000000244" classname="validate_inputs" name="error_message_is_formatted_properly"/>
    <testcase time="0.00399999999999778" classname="validate_inputs" name="error_message_is_formatted_properly"/>
    <testcase time="0.00300000000000011" classname="validate_inputs" name="error_message_is_formatted_properly"/>
    <testcase time="0.00500000000000256" classname="validate_inputs" name="error_message_is_formatted_properly"/>
    <testcase time="0.00399999999999778" classname="validate_inputs" name="error_message_is_formatted_properly"/>
    <testcase time="0.00300000000000011" classname="validate_inputs" name="error_message_is_formatted_properly"/>
    <testcase time="0.00400000000000134" classname="validate_inputs" name="error_message_is_formatted_properly"/>
    <testcase time="0.00399999999999778" classname="validate_inputs" name="error_message_is_formatted_properly"/>
    <testcase time="0.00500000000000256" classname="validate_inputs" name="error_message_is_formatted_properly"/>
    <testcase time="0.0460000000000029" classname="validate_inputs" name="different_validation_modes_produce_proper_messages"/>
    <testcase time="0.00600000000000023" classname="validate_inputs" name="different_validation_modes_produce_proper_messages"/>
    <testcase time="0.00499999999999901" classname="validate_inputs" name="different_validation_modes_produce_proper_messages"/>
  </testsuite>
</testsuites>
