<?xml version="1.0" encoding="UTF-8"?>
<testsuites>
  <testsuite name="get_rcode" timestamp="2023-06-01T17:35:35Z" hostname="62dbaf27e385" tests="6" skipped="0" failures="0" errors="0" time="1.184">
    <testcase time="0.272" classname="get_rcode" name="get_rcode_returns_header_only_for_empty_chunks"/>
    <testcase time="0.0389999999999999" classname="get_rcode" name="get_rcode_returns_header_only_for_empty_chunks"/>
    <testcase time="0.102" classname="get_rcode" name="get_rcode_returns_code_from_chunks_at_the_end"/>
    <testcase time="0.644" classname="get_rcode" name="get_rcode_returns_data_loading_filter_panel_and_chunks_code_combined"/>
    <testcase time="0.034" classname="get_rcode" name="style_nested_expressions"/>
    <testcase time="0.093" classname="get_rcode" name="style_nested_expressions"/>
  </testsuite>
  <testsuite name="init" timestamp="2023-06-01T17:35:36Z" hostname="62dbaf27e385" tests="35" skipped="0" failures="0" errors="0" time="6.907">
    <testcase time="0.0900000000000001" classname="init" name="init_data_accepts_TealData_objects"/>
    <testcase time="0.0699999999999998" classname="init" name="init_data_accepts_TealData_objects"/>
    <testcase time="0.00800000000000001" classname="init" name="init_data_throws_an_error_with_input_other_than_accepted_input"/>
    <testcase time="0.00500000000000034" classname="init" name="init_data_throws_an_error_with_input_other_than_accepted_input"/>
    <testcase time="0.00499999999999989" classname="init" name="init_data_throws_an_error_with_input_other_than_accepted_input"/>
    <testcase time="0.00499999999999989" classname="init" name="init_data_throws_an_error_with_input_other_than_accepted_input"/>
    <testcase time="0.00499999999999989" classname="init" name="init_data_throws_an_error_with_input_other_than_accepted_input"/>
    <testcase time="0.052" classname="init" name="init_data_accepts_a_single_TealDataset_CDISCTealDataset"/>
    <testcase time="0.0510000000000002" classname="init" name="init_data_accepts_a_single_TealDataset_CDISCTealDataset"/>
    <testcase time="0.0539999999999998" classname="init" name="init_data_accepts_a_single_TealDataset_CDISCTealDataset"/>
    <testcase time="0.0500000000000003" classname="init" name="init_data_accepts_a_single_TealDataset_CDISCTealDataset"/>
    <testcase time="0.0529999999999999" classname="init" name="init_data_accepts_a_list_of_single_TealDataset_CDISCTealDataset_without_renaming"/>
    <testcase time="0.056" classname="init" name="init_data_accepts_a_list_of_single_TealDataset_CDISCTealDataset_without_renaming"/>
    <testcase time="0.0489999999999999" classname="init" name="init_data_accepts_a_list_of_single_TealDataset_CDISCTealDataset_without_renaming"/>
    <testcase time="0.0499999999999998" classname="init" name="init_data_accepts_a_list_of_single_TealDataset_CDISCTealDataset_without_renaming"/>
    <testcase time="0.0500000000000003" classname="init" name="init_data_accepts_a_single_dataframe"/>
    <testcase time="0.056" classname="init" name="init_data_accepts_a_list_of_single_dataframe_without_renaming"/>
    <testcase time="0.0509999999999997" classname="init" name="init_data_accepts_a_list_of_single_dataframe_with_renaming"/>
    <testcase time="0.0500000000000003" classname="init" name="init_data_accepts_a_list_of_single_dataframe_with_renaming"/>
    <testcase time="0.0549999999999997" classname="init" name="init_data_accepts_a_list_of_a_TealDataset_and_a_dataframe_without_renaming"/>
    <testcase time="4.917" classname="init" name="init_data_accepts_a_single_MultiAssayExperiment_object"/>
    <testcase time="0.117" classname="init" name="init_data_accepts_a_list_of_a_single_MultiAssayExperiment_object_without_renaming"/>
    <testcase time="0.121" classname="init" name="init_data_accepts_a_list_of_a_single_MultiAssayExperiment_object_with_renaming"/>
    <testcase time="0.128000000000001" classname="init" name="init_data_acceptsa_mixed_list_of_MultiAssayExperiment_object_and_data.frame"/>
    <testcase time="0.0719999999999992" classname="init" name="init_data_accepts_a_list_of_a_TealDataset_and_a_dataframe_with_renaming"/>
    <testcase time="0.0690000000000008" classname="init" name="init_data_accepts_a_list_of_a_TealDataset_and_a_dataframe_with_renaming"/>
    <testcase time="0.0709999999999997" classname="init" name="init_data_accepts_a_list_of_mixed_TealDataset_and_dataframe_with_mixed_renaming"/>
    <testcase time="0.0679999999999996" classname="init" name="init_data_accepts_a_list_of_mixed_TealDataset_and_dataframe_with_mixed_renaming"/>
    <testcase time="0.109" classname="init" name="init_data_accepts_TealDatasetConnector_object"/>
    <testcase time="0.0630000000000006" classname="init" name="init_data_accepts_TealDatasetConnector_object"/>
    <testcase time="0.0629999999999988" classname="init" name="init_data_accepts_a_list_of_TealDatasetConnector_object"/>
    <testcase time="0.0620000000000012" classname="init" name="init_data_accepts_a_list_of_TealDatasetConnector_object"/>
    <testcase time="0.0599999999999987" classname="init" name="init_modules_accepts_a_teal_modules_object"/>
    <testcase time="0.0609999999999999" classname="init" name="init_modules_accepts_a_list_of_teal_module_elements"/>
    <testcase time="0.0609999999999999" classname="init" name="init_modules_accepts_a_teal_module_object"/>
  </testsuite>
  <testsuite name="module_nested_tabs" timestamp="2023-06-01T17:35:43Z" hostname="62dbaf27e385" tests="38" skipped="0" failures="0" errors="0" time="1.074">
    <testcase time="0.0250000000000004" classname="module_nested_tabs" name="srv_nested_tabs_throws_error_if_reporter_is_not_inherited_from_class_Reporter"/>
    <testcase time="0.0739999999999998" classname="module_nested_tabs" name="passed_shiny_module_is_initialized_only_when_the_UI_is_triggered"/>
    <testcase time="0.0440000000000005" classname="module_nested_tabs" name="passed_shiny_module_is_initialized_only_when_the_UI_is_triggered"/>
    <testcase time="0.0530000000000008" classname="module_nested_tabs" name="nested_teal_modules_are_initialized_when_the_UI_is_triggered"/>
    <testcase time="0.0719999999999992" classname="module_nested_tabs" name="nested_teal_modules_are_initialized_when_the_UI_is_triggered"/>
    <testcase time="0.0310000000000006" classname="module_nested_tabs" name="modules_reactive_is_a_list_of_reactives"/>
    <testcase time="0.00199999999999889" classname="module_nested_tabs" name="modules_reactive_is_a_list_of_reactives"/>
    <testcase time="0.00100000000000122" classname="module_nested_tabs" name="modules_reactive_is_a_list_of_reactives"/>
    <testcase time="0.0489999999999995" classname="module_nested_tabs" name="modules_reactive_returns_modules_according_to_selection_in_the_nested_tabs"/>
    <testcase time="0.0210000000000008" classname="module_nested_tabs" name="modules_reactive_returns_modules_according_to_selection_in_the_nested_tabs"/>
    <testcase time="0.00499999999999901" classname="module_nested_tabs" name="Change_of_this_tab_returns_active_module_from_this_tab"/>
    <testcase time="0.00399999999999956" classname="module_nested_tabs" name="Change_of_this_tab_returns_active_module_from_this_tab"/>
    <testcase time="0.0280000000000005" classname="module_nested_tabs" name="srv_nested_tabs.teal_module_does_not_pass_data_if_not_in_the_args_explicitly"/>
    <testcase time="0.0800000000000001" classname="module_nested_tabs" name="srv_nested_tabs.teal_module_does_pass_data_if_in_the_args_explicitly"/>
    <testcase time="0.0440000000000005" classname="module_nested_tabs" name="srv_nested_tabs.teal_module_passes_data_to_the_server_module"/>
    <testcase time="0.0129999999999999" classname="module_nested_tabs" name="srv_nested_tabs.teal_module_passes_datasets_to_the_server_module"/>
    <testcase time="0.0129999999999999" classname="module_nested_tabs" name="srv_nested_tabs.teal_module_passes_server_args_to_the_..."/>
    <testcase time="0.0440000000000005" classname="module_nested_tabs" name="srv_nested_tabs.teal_module_warns_if_both_data_and_datasets_are_passed"/>
    <testcase time="0.0249999999999986" classname="module_nested_tabs" name="srv_nested_tabs.teal_module_doesn_t_pass_filter_panel_api_if_not_in_the_args_explicitly"/>
    <testcase time="0.0220000000000002" classname="module_nested_tabs" name="srv_nested_tabs.teal_module_passes_filter_panel_api_when_passed_in_the_args_explicitly"/>
    <testcase time="0.0140000000000011" classname="module_nested_tabs" name="srv_nested_tabs.teal_module_passes_filter_panel_api_to_the_server_module"/>
    <testcase time="0.0729999999999986" classname="module_nested_tabs" name=".datasets_to_data_accepts_a_reactiveVal_as_trigger_data_input"/>
    <testcase time="0.0250000000000004" classname="module_nested_tabs" name=".datasets_to_data_throws_error_if_trigger_data_is_not_a_reactiveVal_function"/>
    <testcase time="0.0530000000000008" classname="module_nested_tabs" name=".datasets_to_data_returns_data_which_is_filtered"/>
    <testcase time="0.00300000000000011" classname="module_nested_tabs" name=".datasets_to_data_returns_data_which_is_filtered"/>
    <testcase time="0.0389999999999997" classname="module_nested_tabs" name=".datasets_to_data_returns_only_data_requested_by_modules_filter"/>
    <testcase time="0.0429999999999993" classname="module_nested_tabs" name=".datasets_to_data_returns_tdata_object"/>
    <testcase time="0.00699999999999967" classname="module_nested_tabs" name=".datasets_to_data_returns_tdata_object"/>
    <testcase time="0.0240000000000009" classname="module_nested_tabs" name=".datasets_to_data_returns_tdata_object"/>
    <testcase time="0.00200000000000067" classname="module_nested_tabs" name=".datasets_to_data_returns_tdata_object"/>
    <testcase time="0.00399999999999956" classname="module_nested_tabs" name=".datasets_to_data_returns_tdata_object"/>
    <testcase time="0.0629999999999988" classname="module_nested_tabs" name=".datasets_to_data_returns_parent_datasets_for_CDISC_data"/>
    <testcase time="0.0210000000000008" classname="module_nested_tabs" name="calculate_hashes_takes_a_FilteredData_and_vector_of_datanames_as_input"/>
    <testcase time="0.0210000000000008" classname="module_nested_tabs" name="calculate_hashes_returns_a_named_list"/>
    <testcase time="0.00199999999999889" classname="module_nested_tabs" name="calculate_hashes_returns_a_named_list"/>
    <testcase time="0.00100000000000122" classname="module_nested_tabs" name="calculate_hashes_returns_a_named_list"/>
    <testcase time="0.020999999999999" classname="module_nested_tabs" name="calculate_hashes_returns_the_hash_of_the_non_Filtered_dataset"/>
    <testcase time="0.0080000000000009" classname="module_nested_tabs" name="calculate_hashes_returns_the_hash_of_the_non_Filtered_dataset"/>
  </testsuite>
  <testsuite name="module_tabs_with_filters" timestamp="2023-06-01T17:35:44Z" hostname="62dbaf27e385" tests="5" skipped="0" failures="0" errors="0" time="0.424">
    <testcase time="0.0149999999999988" classname="module_tabs_with_filters" name="srv_tabs_with_filters_throws_error_if_reporter_is_not_of_class_Reporter"/>
    <testcase time="0.0519999999999996" classname="module_tabs_with_filters" name="active_datanames_returns_dataname_from_single_tab"/>
    <testcase time="0.207000000000001" classname="module_tabs_with_filters" name="active_datanames_returns_dataname_from_active_tab_after_change"/>
    <testcase time="0.111000000000001" classname="module_tabs_with_filters" name="active_datanames_returns_dataname_from_active_tab_after_change"/>
    <testcase time="0.0389999999999997" classname="module_tabs_with_filters" name="active_datanames_returns_dataname_from_active_tab_after_change"/>
  </testsuite>
  <testsuite name="module_teal" timestamp="2023-06-01T17:35:45Z" hostname="62dbaf27e385" tests="6" skipped="0" failures="0" errors="0" time="0.109">
    <testcase time="0.0310000000000006" classname="module_teal" name="srv_teal_fails_when_raw_data_is_not_reactive"/>
    <testcase time="0.0199999999999996" classname="module_teal" name="srv_teal_initializes_the_data_when_raw_data_changes"/>
    <testcase time="0.0120000000000005" classname="module_teal" name="srv_teal_initializes_the_data_when_raw_data_changes"/>
    <testcase time="0.0379999999999985" classname="module_teal" name="srv_teal_initialized_FilteredData_based_on_the_raw_data_input"/>
    <testcase time="0.00400000000000134" classname="module_teal" name="srv_teal_initialized_FilteredData_based_on_the_raw_data_input"/>
    <testcase time="0.00399999999999956" classname="module_teal" name="srv_teal_initialized_FilteredData_based_on_the_raw_data_input"/>
  </testsuite>
  <testsuite name="module_teal_with_splash" timestamp="2023-06-01T17:35:45Z" hostname="62dbaf27e385" tests="7" skipped="0" failures="0" errors="0" time="0.251">
    <testcase time="0.0239999999999991" classname="module_teal_with_splash" name="srv_teal_with_splash_creates_reactiveVal_returning_data_input"/>
    <testcase time="0.00100000000000122" classname="module_teal_with_splash" name="srv_teal_with_splash_creates_reactiveVal_returning_data_input"/>
    <testcase time="0.0239999999999991" classname="module_teal_with_splash" name="srv_teal_with_splash_creates_raw_data_based_on_DDL_returns_NULL_before_loading"/>
    <testcase time="0.0229999999999997" classname="module_teal_with_splash" name="srv_teal_with_splash_creates_raw_data_based_on_DDL_returns_pulled_data_when_loaded"/>
    <testcase time="0.155000000000001" classname="module_teal_with_splash" name="srv_teal_with_splash_creates_raw_data_based_on_DDL_returns_pulled_data_when_loaded"/>
    <testcase time="0.00199999999999889" classname="module_teal_with_splash" name="srv_teal_with_splash_creates_raw_data_based_on_DDL_returns_pulled_data_when_loaded"/>
    <testcase time="0.0220000000000002" classname="module_teal_with_splash" name="srv_teal_with_splash_gets_observe_event_from_srv_teal"/>
  </testsuite>
  <testsuite name="modules" timestamp="2023-06-01T17:35:45Z" hostname="62dbaf27e385" tests="90" skipped="0" failures="0" errors="0" time="0.784">
    <testcase time="0.00999999999999979" classname="modules" name="Calling_module_does_not_throw"/>
    <testcase time="0.00200000000000067" classname="modules" name="module_requires_label_argument_to_be_a_string"/>
    <testcase time="0.00500000000000078" classname="modules" name="module_requires_label_argument_to_be_a_string"/>
    <testcase time="0.00499999999999901" classname="modules" name="module_requires_label_argument_to_be_a_string"/>
    <testcase time="0.00600000000000023" classname="modules" name="module_requires_label_argument_to_be_a_string"/>
    <testcase time="0.00200000000000067" classname="modules" name="module_expects_server_being_a_shiny_server_module_with_any_argument"/>
    <testcase time="0.000999999999999446" classname="modules" name="module_expects_server_being_a_shiny_server_module_with_any_argument"/>
    <testcase time="0.000999999999999446" classname="modules" name="module_expects_server_being_a_shiny_server_module_with_any_argument"/>
    <testcase time="0.00600000000000023" classname="modules" name="module_expects_server_being_a_shiny_server_module_with_any_argument"/>
    <testcase time="0.00500000000000078" classname="modules" name="module_expects_server_being_a_shiny_server_module_with_any_argument"/>
    <testcase time="0.00199999999999889" classname="modules" name="module_requires_server_args_argument_to_be_a_list"/>
    <testcase time="0.00100000000000122" classname="modules" name="module_requires_server_args_argument_to_be_a_list"/>
    <testcase time="0.00199999999999889" classname="modules" name="module_requires_server_args_argument_to_be_a_list"/>
    <testcase time="0.00500000000000078" classname="modules" name="module_requires_server_args_argument_to_be_a_list"/>
    <testcase time="0.00600000000000023" classname="modules" name="module_requires_server_args_argument_to_be_a_list"/>
    <testcase time="0.00199999999999889" classname="modules" name="module_expects_all_server_args_being_a_server_arguments_or_passed_through_..._"/>
    <testcase time="0.00100000000000122" classname="modules" name="module_expects_all_server_args_being_a_server_arguments_or_passed_through_..._"/>
    <testcase time="0.00499999999999901" classname="modules" name="module_expects_all_server_args_being_a_server_arguments_or_passed_through_..._"/>
    <testcase time="0.00200000000000067" classname="modules" name="module_requires_ui_args_argument_to_be_a_list"/>
    <testcase time="0.00200000000000067" classname="modules" name="module_requires_ui_args_argument_to_be_a_list"/>
    <testcase time="0.000999999999999446" classname="modules" name="module_requires_ui_args_argument_to_be_a_list"/>
    <testcase time="0.00500000000000078" classname="modules" name="module_requires_ui_args_argument_to_be_a_list"/>
    <testcase time="0.00499999999999901" classname="modules" name="module_requires_ui_args_argument_to_be_a_list"/>
    <testcase time="0.00200000000000067" classname="modules" name="module_expects_ui_being_a_shiny_ui_module_with_any_argument"/>
    <testcase time="0.00200000000000067" classname="modules" name="module_expects_ui_being_a_shiny_ui_module_with_any_argument"/>
    <testcase time="0.00499999999999901" classname="modules" name="module_expects_ui_being_a_shiny_ui_module_with_any_argument"/>
    <testcase time="0.00300000000000011" classname="modules" name="module_expects_all_ui_args_being_a_ui_arguments_or_passed_through_..._"/>
    <testcase time="0.000999999999999446" classname="modules" name="module_expects_all_ui_args_being_a_ui_arguments_or_passed_through_..._"/>
    <testcase time="0.00600000000000023" classname="modules" name="module_expects_all_ui_args_being_a_ui_arguments_or_passed_through_..._"/>
    <testcase time="0.00200000000000067" classname="modules" name="module_requires_filters_argument_to_be_a_character_or_NULL"/>
    <testcase time="0.00200000000000067" classname="modules" name="module_requires_filters_argument_to_be_a_character_or_NULL"/>
    <testcase time="0.000999999999999446" classname="modules" name="module_requires_filters_argument_to_be_a_character_or_NULL"/>
    <testcase time="0.00600000000000023" classname="modules" name="module_requires_filters_argument_to_be_a_character_or_NULL"/>
    <testcase time="0.000999999999999446" classname="modules" name="module_requires_filters_argument_to_be_a_character_or_NULL"/>
    <testcase time="0.00300000000000011" classname="modules" name="module_returns_list_of_class_teal_module_containing_input_objects"/>
    <testcase time="0.000999999999999446" classname="modules" name="module_returns_list_of_class_teal_module_containing_input_objects"/>
    <testcase time="0.00200000000000067" classname="modules" name="module_returns_list_of_class_teal_module_containing_input_objects"/>
    <testcase time="0.000999999999999446" classname="modules" name="module_returns_list_of_class_teal_module_containing_input_objects"/>
    <testcase time="0.00200000000000067" classname="modules" name="module_returns_list_of_class_teal_module_containing_input_objects"/>
    <testcase time="0.000999999999999446" classname="modules" name="module_returns_list_of_class_teal_module_containing_input_objects"/>
    <testcase time="0.00200000000000067" classname="modules" name="module_returns_list_of_class_teal_module_containing_input_objects"/>
    <testcase time="0.000999999999999446" classname="modules" name="module_returns_list_of_class_teal_module_containing_input_objects"/>
    <testcase time="0.00600000000000023" classname="modules" name="modules_gives_error_if_no_arguments_other_than_label_are_used"/>
    <testcase time="0.00600000000000023" classname="modules" name="modules_gives_error_if_no_arguments_other_than_label_are_used"/>
    <testcase time="0.00200000000000067" classname="modules" name="modules_requires_label_argument_to_be_a_string_"/>
    <testcase time="0.00599999999999845" classname="modules" name="modules_requires_label_argument_to_be_a_string_"/>
    <testcase time="0.00600000000000023" classname="modules" name="modules_requires_label_argument_to_be_a_string_"/>
    <testcase time="0.00300000000000011" classname="modules" name="modules_accept_teal_module_in_..."/>
    <testcase time="0.00200000000000067" classname="modules" name="modules_accept_multiple_teal_module_objects_in_..."/>
    <testcase time="0.00300000000000011" classname="modules" name="modules_accept_multiple_teal_module_and_teal_modules_objects_in_..."/>
    <testcase time="0.00699999999999967" classname="modules" name="modules_does_not_accept_objects_other_than_teal_module_s_in_..."/>
    <testcase time="0.00600000000000023" classname="modules" name="modules_does_not_accept_objects_other_than_teal_module_s_in_..."/>
    <testcase time="0.00300000000000011" classname="modules" name="modules_returns_teal_modules_object_with_label_and_children_slot"/>
    <testcase time="0.00199999999999889" classname="modules" name="modules_returns_teal_modules_object_with_label_and_children_slot"/>
    <testcase time="0.00200000000000067" classname="modules" name="modules_returns_children_as_list_with_list_named_after_label_attributes"/>
    <testcase time="0.00200000000000067" classname="modules" name="modules_returns_children_as_list_with_list_named_after_label_attributes"/>
    <testcase time="0.00199999999999889" classname="modules" name="modules_returns_children_as_list_with_list_named_after_label_attributes"/>
    <testcase time="0.00600000000000023" classname="modules" name="modules_returns_useful_error_message_if_label_argument_not_explicitly_named"/>
    <testcase time="0.00300000000000011" classname="modules" name="modules_returns_children_as_list_with_unique_names_if_labels_are_duplicated"/>
    <testcase time="0.00200000000000067" classname="modules" name="modules_returns_children_as_list_with_unique_names_if_labels_are_duplicated"/>
    <testcase time="0.00199999999999889" classname="modules" name="modules_returns_children_as_list_with_unique_names_if_labels_are_duplicated"/>
    <testcase time="0.00400000000000134" classname="modules" name="modules_depth_accepts_depth_as_integer"/>
    <testcase time="0.00699999999999967" classname="modules" name="modules_depth_accepts_depth_as_integer"/>
    <testcase time="0.00399999999999956" classname="modules" name="modules_depth_returns_depth_0_by_default"/>
    <testcase time="0.00399999999999956" classname="modules" name="modules_depth_accepts_modules_to_be_teal_module_or_teal_modules"/>
    <testcase time="0.00200000000000067" classname="modules" name="modules_depth_accepts_modules_to_be_teal_module_or_teal_modules"/>
    <testcase time="0.00300000000000011" classname="modules" name="modules_depth_returns_depth_same_as_input_for_teal_module"/>
    <testcase time="0.00399999999999956" classname="modules" name="modules_depth_increases_depth_by_1_for_each_teal_modules"/>
    <testcase time="0.446" classname="modules" name="modules_depth_increases_depth_by_1_for_each_teal_modules"/>
    <testcase time="0.00700000000000145" classname="modules" name="is_arg_used_throws_error_if_object_is_not_teal_module_or_teal_modules"/>
    <testcase time="0.00600000000000023" classname="modules" name="is_arg_used_throws_error_if_object_is_not_teal_module_or_teal_modules"/>
    <testcase time="0.00499999999999901" classname="modules" name="is_arg_used_returns_true_if_teal_module_has_given_arg_in_server_function_args"/>
    <testcase time="0.00500000000000078" classname="modules" name="is_arg_used_returns_false_if_teal_module_does_not_have_reporter_in_server_function_args"/>
    <testcase time="0.00600000000000023" classname="modules" name="is_arg_used_returns_false_if_teal_modules_has_no_children_using_given_arg_"/>
    <testcase time="0.00399999999999956" classname="modules" name="is_arg_used_returns_false_if_teal_modules_has_no_children_using_given_arg_"/>
    <testcase time="0.00499999999999901" classname="modules" name="is_arg_used_returns_true_if_teal_modules_has_at_least_one_child_using_given_arg_"/>
    <testcase time="0.00500000000000078" classname="modules" name="is_arg_used_returns_true_if_teal_modules_has_at_least_one_child_using_given_arg_"/>
    <testcase time="0.00399999999999956" classname="modules" name="is_arg_used_returns_true_if_teal_modules_has_at_least_one_child_using_given_arg_"/>
    <testcase time="0.00500000000000078" classname="modules" name="is_arg_used_returns_TRUE_FALSE_when_the_arg_is_in_function_formals"/>
    <testcase time="0.00399999999999956" classname="modules" name="is_arg_used_returns_TRUE_FALSE_when_the_arg_is_in_function_formals"/>
    <testcase time="0.00699999999999967" classname="modules" name="is_arg_used_accepts_arg_to_be_a_string_only"/>
    <testcase time="0.00500000000000078" classname="modules" name="is_arg_used_accepts_arg_to_be_a_string_only"/>
    <testcase time="0.00600000000000023" classname="modules" name="is_arg_used_accepts_arg_to_be_a_string_only"/>
    <testcase time="0.00699999999999967" classname="modules" name="append_module_throws_error_when_modules_is_not_inherited_from_teal_modules"/>
    <testcase time="0.00699999999999967" classname="modules" name="append_module_throws_error_when_modules_is_not_inherited_from_teal_modules"/>
    <testcase time="0.00699999999999967" classname="modules" name="append_module_throws_error_is_module_is_not_inherited_from_teal_module"/>
    <testcase time="0.00600000000000023" classname="modules" name="append_module_throws_error_is_module_is_not_inherited_from_teal_module"/>
    <testcase time="0.00399999999999956" classname="modules" name="append_module_appends_a_module_to_children_of_not_nested_teal_modules"/>
    <testcase time="0.00500000000000078" classname="modules" name="append_module_appends_a_module_to_children_of_nested_teal_modules"/>
    <testcase time="0.00300000000000011" classname="modules" name="append_module_produces_teal_modules_with_unique_named_children"/>
  </testsuite>
  <testsuite name="rcode_utils" timestamp="2023-06-01T17:35:46Z" hostname="62dbaf27e385" tests="7" skipped="0" failures="0" errors="0" time="0.089">
    <testcase time="0.00600000000000023" classname="rcode_utils" name="With_no_teal.load_nest_code_option_set_get_rcode_str_install_returns_default_string"/>
    <testcase time="0.00199999999999889" classname="rcode_utils" name="With_teal.load_nest_code_option_set_to_character_get_rcode_str_install_returns_option_value"/>
    <testcase time="0.00100000000000122" classname="rcode_utils" name="With_teal.load_nest_code_option_set_to_character_get_rcode_str_install_returns_option_value"/>
    <testcase time="0.00199999999999889" classname="rcode_utils" name="With_teal.load_nest_code_option_is_not_character_get_rcode_str_install_silently_returns_default_string"/>
    <testcase time="0.000999999999999446" classname="rcode_utils" name="With_teal.load_nest_code_option_is_not_character_get_rcode_str_install_silently_returns_default_string"/>
    <testcase time="0.0500000000000007" classname="rcode_utils" name="get_rcode_libraries_returns_current_session_packages"/>
    <testcase time="0.027000000000001" classname="rcode_utils" name="get_datasets_code_returns_code_only_for_specified_datanames"/>
  </testsuite>
  <testsuite name="report_previewer_module" timestamp="2023-06-01T17:35:46Z" hostname="62dbaf27e385" tests="5" skipped="0" failures="0" errors="0" time="0.019">
    <testcase time="0.00899999999999856" classname="report_previewer_module" name="report_previewer_module_throws_error_if_label_is_not_string"/>
    <testcase time="0.00500000000000078" classname="report_previewer_module" name="report_previewer_module_throws_error_if_label_is_not_string"/>
    <testcase time="0.00200000000000067" classname="report_previewer_module" name="report_previewer_module_throws_no_error_and_stores_label_if_label_is_string"/>
    <testcase time="0.000999999999999446" classname="report_previewer_module" name="report_previewer_module_throws_no_error_and_stores_label_if_label_is_string"/>
    <testcase time="0.00199999999999889" classname="report_previewer_module" name="report_previewer_module_default_label_is_Report_previewer_"/>
  </testsuite>
  <testsuite name="tdata" timestamp="2023-06-01T17:35:46Z" hostname="62dbaf27e385" tests="33" skipped="0" failures="0" errors="0" time="0.317">
    <testcase time="0.0650000000000013" classname="tdata" name="new_tdata_accepts_reactive_and_not_reactive_MAE_and_data.frames"/>
    <testcase time="0.00600000000000023" classname="tdata" name="new_tdata_throws_error_if_data_is_not_a_list_with_unique_names"/>
    <testcase time="0.00499999999999901" classname="tdata" name="new_tdata_throws_error_if_data_is_not_a_list_with_unique_names"/>
    <testcase time="0.00600000000000023" classname="tdata" name="new_tdata_throws_error_if_data_is_not_a_list_with_unique_names"/>
    <testcase time="0.00600000000000023" classname="tdata" name="new_tdata_throws_error_if_contents_of_data_list_are_not_of_correct_type"/>
    <testcase time="0.00699999999999967" classname="tdata" name="new_tdata_throws_error_if_contents_of_data_list_are_not_of_correct_type"/>
    <testcase time="0.00600000000000023" classname="tdata" name="new_tdata_throws_error_if_code_is_not_character_or_reactive_character"/>
    <testcase time="0.00699999999999967" classname="tdata" name="new_tdata_throws_error_if_code_is_not_character_or_reactive_character"/>
    <testcase time="0.00300000000000011" classname="tdata" name="new_tdata_accepts_character_and_reactive_characters_for_code_argument"/>
    <testcase time="0.00399999999999956" classname="tdata" name="new_tdata_accepts_character_and_reactive_characters_for_code_argument"/>
    <testcase time="0.00600000000000023" classname="tdata" name="new_tdata_throws_error_if_join_keys_is_not_of_class_JoinKeys"/>
    <testcase time="0.00300000000000011" classname="tdata" name="new_tdata_throws_no_error_if_join_keys_is_of_class_JoinKeys"/>
    <testcase time="0.00600000000000023" classname="tdata" name="new_tdata_throws_error_if_metadata_is_not_a_list_with_unique_names_a_subset_of_the_names_of_data"/>
    <testcase time="0.00600000000000023" classname="tdata" name="new_tdata_throws_error_if_metadata_is_not_a_list_with_unique_names_a_subset_of_the_names_of_data"/>
    <testcase time="0.00499999999999901" classname="tdata" name="new_tdata_throws_error_if_metadata_is_not_a_list_with_unique_names_a_subset_of_the_names_of_data"/>
    <testcase time="0.00400000000000134" classname="tdata" name="new_tdata_does_not_throw_error_with_valid_metadata"/>
    <testcase time="0.00600000000000023" classname="tdata" name="get_metadata_returns_NULL_if_no_metadata"/>
    <testcase time="0.00599999999999845" classname="tdata" name="get_metadata_returns_NULL_if_no_metadata_for_given_dataset"/>
    <testcase time="0.00400000000000134" classname="tdata" name="get_metadata_returns_metadata_for_given_dataset"/>
    <testcase time="0.00499999999999901" classname="tdata" name="get_metadata_returns_NULL_if_dataset_doesn_t_exist"/>
    <testcase time="0.00500000000000078" classname="tdata" name="get_code_returns_empty_character_if_tdata_object_has_no_code"/>
    <testcase time="0.00499999999999901" classname="tdata" name="get_code_returns_character_of_code_if_tdata_object_has_code"/>
    <testcase time="0.00400000000000134" classname="tdata" name="get_code_returns_character_of_code_if_tdata_object_has_code"/>
    <testcase time="0.00399999999999956" classname="tdata" name="get_code_tdata_accepts_tdata"/>
    <testcase time="0.00699999999999967" classname="tdata" name="get_code_tdata_throws_error_when_input_is_not_tdata"/>
    <testcase time="0.00699999999999967" classname="tdata" name="get_code_tdata_throws_error_when_input_is_not_tdata"/>
    <testcase time="0.00399999999999956" classname="tdata" name="get_code_tdata_returns_character_code"/>
    <testcase time="0.0610000000000017" classname="tdata" name="tdata2env_returns_environment_containing_tdata_contents_"/>
    <testcase time="0.00199999999999889" classname="tdata" name="tdata2env_returns_environment_containing_tdata_contents_"/>
    <testcase time="0.0329999999999995" classname="tdata" name="tdata2env_returns_environment_containing_tdata_contents_"/>
    <testcase time="0.00700000000000145" classname="tdata" name="tdata2env_throws_error_if_argument_is_not_tdata"/>
    <testcase time="0.00699999999999967" classname="tdata" name="get_join_keys_returns_NULL_if_no_JoinKeys_object_exists_inside_tdata"/>
    <testcase time="0.00499999999999901" classname="tdata" name="get_join_keys_returns_JoinKeys_object_if_it_exists_inside_tdata"/>
  </testsuite>
  <testsuite name="utils" timestamp="2023-06-01T17:35:46Z" hostname="62dbaf27e385" tests="4" skipped="0" failures="0" errors="0" time="0.034">
    <testcase time="0.0080000000000009" classname="utils" name="get_teal_bs_theme"/>
    <testcase time="0.0229999999999997" classname="utils" name="get_teal_bs_theme"/>
    <testcase time="0.000999999999999446" classname="utils" name="get_teal_bs_theme"/>
    <testcase time="0.00200000000000067" classname="utils" name="get_teal_bs_theme"/>
  </testsuite>
  <testsuite name="validate_has_data" timestamp="2023-06-01T17:35:46Z" hostname="62dbaf27e385" tests="17" skipped="0" failures="0" errors="0" time="0.086">
    <testcase time="0.00600000000000023" classname="validate_has_data" name="validate_has_data_throws_no_error_when_data_has_at_least_as_many_rows_as_min_nrow"/>
    <testcase time="0.00199999999999889" classname="validate_has_data" name="validate_has_data_throws_no_error_when_data_has_at_least_as_many_rows_as_min_nrow"/>
    <testcase time="0.00600000000000023" classname="validate_has_data" name="validate_has_data_throws_error_when_min_nrow_rows_of_data"/>
    <testcase time="0.00300000000000011" classname="validate_has_data" name="validate_has_data_accepts_logical_complete_argument"/>
    <testcase time="0.00200000000000067" classname="validate_has_data" name="validate_has_data_accepts_logical_complete_argument"/>
    <testcase time="0.00600000000000023" classname="validate_has_data" name="validate_has_data_throws_error_when_data_has_NA_and_complete_is_set_to_TRUE"/>
    <testcase time="0.00300000000000011" classname="validate_has_data" name="validate_has_data_accepts_logical_allow_inf_argument"/>
    <testcase time="0.00600000000000023" classname="validate_has_data" name="validate_has_data_accepts_logical_allow_inf_argument"/>
    <testcase time="0.00599999999999845" classname="validate_has_data" name="validate_has_data_accepts_throws_error_when_data_has_Inf_values_and_allow_inf_is_set_to_FALSE"/>
    <testcase time="0.00700000000000145" classname="validate_has_data" name="validate_has_data_accepts_throws_error_when_data_has_Inf_values_and_allow_inf_is_set_to_FALSE"/>
    <testcase time="0.00499999999999901" classname="validate_has_data" name="validate_has_data_accepts_throws_error_when_data_has_Inf_values_and_allow_inf_is_set_to_FALSE"/>
    <testcase time="0.00300000000000011" classname="validate_has_data" name="validate_has_data_allow_inf_argument_ignores_non_numeric_columns"/>
    <testcase time="0.00600000000000023" classname="validate_has_data" name="validate_has_data_allow_inf_argument_ignores_non_numeric_columns"/>
    <testcase time="0.00600000000000023" classname="validate_has_data" name="validate_has_data_returns_message_when_msg_argument_is_set"/>
    <testcase time="0.00699999999999967" classname="validate_has_data" name="validate_has_data_returns_message_msg_argument_is_set_and_complete_is_set_to_TRUE"/>
    <testcase time="0.00600000000000023" classname="validate_has_data" name="validate_has_data_returns_throws_error_with_non_character_msg_input"/>
    <testcase time="0.00600000000000023" classname="validate_has_data" name="validate_has_data_returns_throws_error_with_non_character_msg_input"/>
  </testsuite>
  <testsuite name="validate_inputs" timestamp="2023-06-01T17:35:46Z" hostname="62dbaf27e385" tests="36" skipped="0" failures="0" errors="0" time="0.517">
    <testcase time="0.0109999999999992" classname="validate_inputs" name="invalid_arguments_raise_errors"/>
    <testcase time="0.00500000000000078" classname="validate_inputs" name="invalid_arguments_raise_errors"/>
    <testcase time="0.0239999999999991" classname="validate_inputs" name="disabled_validators_raise_warnings_individual_validators_"/>
    <testcase time="0.0180000000000007" classname="validate_inputs" name="disabled_validators_raise_warnings_validator_list_"/>
    <testcase time="0.0190000000000001" classname="validate_inputs" name="disabled_validators_raise_warnings_nested_validator_list_"/>
    <testcase time="0.0920000000000005" classname="validate_inputs" name="valid_inputs_produce_desired_output_individual_validators_"/>
    <testcase time="0.0189999999999984" classname="validate_inputs" name="valid_inputs_produce_desired_output_validator_list_"/>
    <testcase time="0.0180000000000007" classname="validate_inputs" name="valid_inputs_produce_desired_output_nested_validator_list_"/>
    <testcase time="0.0229999999999997" classname="validate_inputs" name="invalid_inputs_raise_errors_in_output_individual_validators_"/>
    <testcase time="0.0220000000000002" classname="validate_inputs" name="invalid_inputs_raise_errors_in_output_individual_validators_"/>
    <testcase time="0.0220000000000002" classname="validate_inputs" name="invalid_inputs_raise_errors_in_output_individual_validators_"/>
    <testcase time="0.0220000000000002" classname="validate_inputs" name="invalid_inputs_raise_errors_in_output_validator_list_"/>
    <testcase time="0.0220000000000002" classname="validate_inputs" name="invalid_inputs_raise_errors_in_output_validator_list_"/>
    <testcase time="0.020999999999999" classname="validate_inputs" name="invalid_inputs_raise_errors_in_output_validator_list_"/>
    <testcase time="0.0229999999999997" classname="validate_inputs" name="invalid_inputs_raise_errors_in_output_nested_validator_list_"/>
    <testcase time="0.0210000000000008" classname="validate_inputs" name="invalid_inputs_raise_errors_in_output_nested_validator_list_"/>
    <testcase time="0.0220000000000002" classname="validate_inputs" name="invalid_inputs_raise_errors_in_output_nested_validator_list_"/>
    <testcase time="0.0259999999999998" classname="validate_inputs" name="error_message_is_formatted_properly"/>
    <testcase time="0.00799999999999912" classname="validate_inputs" name="error_message_is_formatted_properly"/>
    <testcase time="0.00700000000000145" classname="validate_inputs" name="error_message_is_formatted_properly"/>
    <testcase time="0.00699999999999967" classname="validate_inputs" name="error_message_is_formatted_properly"/>
    <testcase time="0.00699999999999967" classname="validate_inputs" name="error_message_is_formatted_properly"/>
    <testcase time="0.00200000000000067" classname="validate_inputs" name="error_message_is_formatted_properly"/>
    <testcase time="0.00300000000000011" classname="validate_inputs" name="error_message_is_formatted_properly"/>
    <testcase time="0.00199999999999889" classname="validate_inputs" name="error_message_is_formatted_properly"/>
    <testcase time="0.00200000000000067" classname="validate_inputs" name="error_message_is_formatted_properly"/>
    <testcase time="0.00300000000000011" classname="validate_inputs" name="error_message_is_formatted_properly"/>
    <testcase time="0.00199999999999889" classname="validate_inputs" name="error_message_is_formatted_properly"/>
    <testcase time="0.00200000000000067" classname="validate_inputs" name="error_message_is_formatted_properly"/>
    <testcase time="0.00300000000000011" classname="validate_inputs" name="error_message_is_formatted_properly"/>
    <testcase time="0.00200000000000067" classname="validate_inputs" name="error_message_is_formatted_properly"/>
    <testcase time="0.00299999999999834" classname="validate_inputs" name="error_message_is_formatted_properly"/>
    <testcase time="0.00200000000000067" classname="validate_inputs" name="error_message_is_formatted_properly"/>
    <testcase time="0.0250000000000004" classname="validate_inputs" name="different_validation_modes_produce_proper_messages"/>
    <testcase time="0.00399999999999956" classname="validate_inputs" name="different_validation_modes_produce_proper_messages"/>
    <testcase time="0.00300000000000011" classname="validate_inputs" name="different_validation_modes_produce_proper_messages"/>
  </testsuite>
</testsuites>
