<?xml version="1.0" encoding="UTF-8"?>
<testsuites>
  <testsuite name="filter_manager" timestamp="2023-10-31T05:31:21Z" hostname="e460d5a3c78f" tests="4" skipped="0" failures="0" errors="0" time="0.607">
    <testcase time="0.498" classname="filter_manager" name="filter_manager_srv_initializes_properly_processes_input_arguments"/>
    <testcase time="0.0249999999999999" classname="filter_manager" name="filter_manager_srv_initializes_properly_processes_input_arguments"/>
    <testcase time="0.081" classname="filter_manager" name="filter_manager_srv_initializes_properly_processes_input_arguments"/>
    <testcase time="0.00300000000000011" classname="filter_manager" name="filter_manager_srv_initializes_properly_processes_input_arguments"/>
  </testsuite>
  <testsuite name="init" timestamp="2023-10-31T05:31:21Z" hostname="e460d5a3c78f" tests="28" skipped="0" failures="0" errors="0" time="9.866">
    <testcase time="0.223" classname="init" name="init_data_accepts_TealData_object"/>
    <testcase time="0.14" classname="init" name="init_data_accepts_TealData_object"/>
    <testcase time="0.0669999999999997" classname="init" name="init_data_accepts_teal_data_object"/>
    <testcase time="0.0310000000000001" classname="init" name="init_data_throws_an_error_with_input_other_than_TealData_teal_data_and_ddl"/>
    <testcase time="0.00800000000000001" classname="init" name="init_data_throws_an_error_with_input_other_than_TealData_teal_data_and_ddl"/>
    <testcase time="0.0169999999999999" classname="init" name="init_data_throws_an_error_with_input_other_than_TealData_teal_data_and_ddl"/>
    <testcase time="0.00700000000000012" classname="init" name="init_data_throws_an_error_with_input_other_than_TealData_teal_data_and_ddl"/>
    <testcase time="0.0100000000000002" classname="init" name="init_data_throws_an_error_with_input_other_than_TealData_teal_data_and_ddl"/>
    <testcase time="0.0819999999999999" classname="init" name="init_data_accepts_a_single_TealDataset"/>
    <testcase time="0.152" classname="init" name="init_data_accepts_a_list_of_single_TealDataset_without_renaming"/>
    <testcase time="0.089" classname="init" name="init_data_accepts_a_single_dataframe"/>
    <testcase time="0.0859999999999999" classname="init" name="init_data_accepts_a_list_of_single_dataframe_without_renaming"/>
    <testcase time="0.0870000000000002" classname="init" name="init_data_accepts_a_list_of_single_dataframe_with_renaming"/>
    <testcase time="0.0909999999999997" classname="init" name="init_data_accepts_a_list_of_a_TealDataset_and_a_dataframe_without_renaming"/>
    <testcase time="7.128" classname="init" name="init_data_accepts_a_single_MultiAssayExperiment_object"/>
    <testcase time="0.164" classname="init" name="init_data_accepts_a_list_of_a_single_MultiAssayExperiment_object_without_renaming"/>
    <testcase time="0.171000000000001" classname="init" name="init_data_accepts_a_list_of_a_single_MultiAssayExperiment_object_with_renaming"/>
    <testcase time="0.171999999999999" classname="init" name="init_data_acceptsa_mixed_list_of_MultiAssayExperiment_object_and_data.frame"/>
    <testcase time="0.118" classname="init" name="init_data_accepts_a_list_of_a_TealDataset_and_a_dataframe_with_renaming"/>
    <testcase time="0.117000000000001" classname="init" name="init_data_accepts_a_list_of_mixed_TealDataset_and_dataframe_with_mixed_renaming"/>
    <testcase time="0.16" classname="init" name="init_data_accepts_TealDatasetConnector_object"/>
    <testcase time="0.123999999999999" classname="init" name="init_data_accepts_a_list_of_TealDatasetConnector_object"/>
    <testcase time="0.117000000000001" classname="init" name="init_modules_accepts_a_teal_modules_object"/>
    <testcase time="0.113" classname="init" name="init_modules_accepts_a_list_of_teal_module_elements"/>
    <testcase time="0.116" classname="init" name="init_modules_accepts_a_teal_module_object"/>
    <testcase time="0.129" classname="init" name="init_filter_accepts_named_list_or_teal_slices_"/>
    <testcase time="0.113000000000001" classname="init" name="init_filter_accepts_named_list_or_teal_slices_"/>
    <testcase time="0.0339999999999989" classname="init" name="init_filter_accepts_named_list_or_teal_slices_"/>
  </testsuite>
  <testsuite name="module_nested_tabs" timestamp="2023-10-31T05:31:31Z" hostname="e460d5a3c78f" tests="38" skipped="0" failures="0" errors="0" time="2.231">
    <testcase time="0.0530000000000008" classname="module_nested_tabs" name="srv_nested_tabs_throws_error_if_reporter_is_not_inherited_from_class_Reporter"/>
    <testcase time="0.103999999999999" classname="module_nested_tabs" name="passed_shiny_module_is_initialized_only_when_the_UI_is_triggered"/>
    <testcase time="0.0700000000000003" classname="module_nested_tabs" name="passed_shiny_module_is_initialized_only_when_the_UI_is_triggered"/>
    <testcase time="0.0590000000000011" classname="module_nested_tabs" name="nested_teal_modules_are_initialized_when_the_UI_is_triggered"/>
    <testcase time="0.101999999999999" classname="module_nested_tabs" name="nested_teal_modules_are_initialized_when_the_UI_is_triggered"/>
    <testcase time="0.0520000000000014" classname="module_nested_tabs" name="modules_reactive_is_a_list_of_reactives"/>
    <testcase time="0.00199999999999889" classname="module_nested_tabs" name="modules_reactive_is_a_list_of_reactives"/>
    <testcase time="0.00300000000000011" classname="module_nested_tabs" name="modules_reactive_is_a_list_of_reactives"/>
    <testcase time="0.0739999999999998" classname="module_nested_tabs" name="modules_reactive_returns_modules_according_to_selection_in_the_nested_tabs"/>
    <testcase time="0.0359999999999996" classname="module_nested_tabs" name="modules_reactive_returns_modules_according_to_selection_in_the_nested_tabs"/>
    <testcase time="0.0129999999999999" classname="module_nested_tabs" name="Change_of_this_tab_returns_active_module_from_this_tab"/>
    <testcase time="0.00900000000000034" classname="module_nested_tabs" name="Change_of_this_tab_returns_active_module_from_this_tab"/>
    <testcase time="0.0530000000000008" classname="module_nested_tabs" name="srv_nested_tabs.teal_module_does_not_pass_data_if_not_in_the_args_explicitly"/>
    <testcase time="0.124000000000001" classname="module_nested_tabs" name="srv_nested_tabs.teal_module_does_pass_data_if_in_the_args_explicitly"/>
    <testcase time="0.0639999999999983" classname="module_nested_tabs" name="srv_nested_tabs.teal_module_passes_data_to_the_server_module"/>
    <testcase time="0.0280000000000005" classname="module_nested_tabs" name="srv_nested_tabs.teal_module_passes_datasets_to_the_server_module"/>
    <testcase time="0.0280000000000005" classname="module_nested_tabs" name="srv_nested_tabs.teal_module_passes_server_args_to_the_..."/>
    <testcase time="0.0640000000000001" classname="module_nested_tabs" name="srv_nested_tabs.teal_module_warns_if_both_data_and_datasets_are_passed"/>
    <testcase time="0.0470000000000006" classname="module_nested_tabs" name="srv_nested_tabs.teal_module_doesn_t_pass_filter_panel_api_if_not_in_the_args_explicitly"/>
    <testcase time="0.0429999999999993" classname="module_nested_tabs" name="srv_nested_tabs.teal_module_passes_filter_panel_api_when_passed_in_the_args_explicitly"/>
    <testcase time="0.0269999999999992" classname="module_nested_tabs" name="srv_nested_tabs.teal_module_passes_filter_panel_api_to_the_server_module"/>
    <testcase time="0.385000000000002" classname="module_nested_tabs" name=".datasets_to_data_accepts_a_reactiveVal_as_trigger_data_input"/>
    <testcase time="0.138" classname="module_nested_tabs" name=".datasets_to_data_throws_error_if_trigger_data_is_not_a_reactiveVal_function"/>
    <testcase time="0.144" classname="module_nested_tabs" name=".datasets_to_data_returns_data_which_is_filtered"/>
    <testcase time="0.00399999999999956" classname="module_nested_tabs" name=".datasets_to_data_returns_data_which_is_filtered"/>
    <testcase time="0.0579999999999998" classname="module_nested_tabs" name=".datasets_to_data_returns_only_data_requested_by_modules_datanames"/>
    <testcase time="0.0640000000000001" classname="module_nested_tabs" name=".datasets_to_data_returns_tdata_object"/>
    <testcase time="0.00999999999999979" classname="module_nested_tabs" name=".datasets_to_data_returns_tdata_object"/>
    <testcase time="0.0299999999999994" classname="module_nested_tabs" name=".datasets_to_data_returns_tdata_object"/>
    <testcase time="0.00300000000000011" classname="module_nested_tabs" name=".datasets_to_data_returns_tdata_object"/>
    <testcase time="0.00699999999999967" classname="module_nested_tabs" name=".datasets_to_data_returns_tdata_object"/>
    <testcase time="0.0710000000000015" classname="module_nested_tabs" name="calculate_hashes_takes_a_FilteredData_and_vector_of_datanames_as_input"/>
    <testcase time="0.0289999999999999" classname="module_nested_tabs" name="calculate_hashes_takes_a_FilteredData_and_vector_of_datanames_as_input"/>
    <testcase time="0.0759999999999987" classname="module_nested_tabs" name="calculate_hashes_returns_a_named_list"/>
    <testcase time="0.00200000000000067" classname="module_nested_tabs" name="calculate_hashes_returns_a_named_list"/>
    <testcase time="0.00200000000000067" classname="module_nested_tabs" name="calculate_hashes_returns_a_named_list"/>
    <testcase time="0.135999999999999" classname="module_nested_tabs" name="calculate_hashes_returns_the_hash_of_the_non_Filtered_dataset"/>
    <testcase time="0.0169999999999995" classname="module_nested_tabs" name="calculate_hashes_returns_the_hash_of_the_non_Filtered_dataset"/>
  </testsuite>
  <testsuite name="module_tabs_with_filters" timestamp="2023-10-31T05:31:34Z" hostname="e460d5a3c78f" tests="8" skipped="0" failures="0" errors="0" time="1.839">
    <testcase time="0.0310000000000006" classname="module_tabs_with_filters" name="srv_tabs_with_filters_throws_error_if_reporter_is_not_of_class_Reporter"/>
    <testcase time="0.547000000000001" classname="module_tabs_with_filters" name="active_module_returns_module_specs_from_active_tab_when_filter.module_specific_FALSE"/>
    <testcase time="0.184999999999999" classname="module_tabs_with_filters" name="active_module_returns_module_specs_from_active_tab_when_filter.module_specific_FALSE"/>
    <testcase time="0.0350000000000001" classname="module_tabs_with_filters" name="srv_tabs_with_filters_throws_error_if_reporter_is_not_of_class_Reporter"/>
    <testcase time="0.398000000000001" classname="module_tabs_with_filters" name="active_datanames_returns_dataname_from_single_tab"/>
    <testcase time="0.264999999999999" classname="module_tabs_with_filters" name="active_datanames_returns_dataname_from_active_tab_after_change"/>
    <testcase time="0.334" classname="module_tabs_with_filters" name="active_datanames_returns_dataname_from_active_tab_after_change"/>
    <testcase time="0.0440000000000005" classname="module_tabs_with_filters" name="active_datanames_returns_dataname_from_active_tab_after_change"/>
  </testsuite>
  <testsuite name="module_teal" timestamp="2023-10-31T05:31:35Z" hostname="e460d5a3c78f" tests="8" skipped="0" failures="0" errors="0" time="1.02">
    <testcase time="0.0680000000000014" classname="module_teal" name="srv_teal_fails_when_raw_data_is_not_reactive"/>
    <testcase time="0.0969999999999978" classname="module_teal" name="srv_teal_initializes_the_data_when_raw_data_changes"/>
    <testcase time="0.708000000000002" classname="module_teal" name="srv_teal_initialized_data_list_structure_reflects_modules"/>
    <testcase time="0.00399999999999778" classname="module_teal" name="srv_teal_initialized_data_list_structure_reflects_modules"/>
    <testcase time="0.0470000000000006" classname="module_teal" name="srv_teal_initialized_data_containing_same_FilteredData_when_the_filter_is_global"/>
    <testcase time="0.00200000000000244" classname="module_teal" name="srv_teal_initialized_data_containing_same_FilteredData_when_the_filter_is_global"/>
    <testcase time="0.0879999999999974" classname="module_teal" name="srv_teal_initialized_data_containing_different_FilteredData_when_the_filter_is_module_specific"/>
    <testcase time="0.00600000000000023" classname="module_teal" name="srv_teal_initialized_data_containing_different_FilteredData_when_the_filter_is_module_specific"/>
  </testsuite>
  <testsuite name="module_teal_with_splash" timestamp="2023-10-31T05:31:36Z" hostname="e460d5a3c78f" tests="7" skipped="0" failures="0" errors="0" time="0.745">
    <testcase time="0.0500000000000007" classname="module_teal_with_splash" name="srv_teal_with_splash_creates_reactiveVal_returning_teal_data"/>
    <testcase time="0.00199999999999889" classname="module_teal_with_splash" name="srv_teal_with_splash_creates_reactiveVal_returning_teal_data"/>
    <testcase time="0.0500000000000007" classname="module_teal_with_splash" name="srv_teal_with_splash_creates_raw_data_based_on_DDL_returns_NULL_before_loading"/>
    <testcase time="0.054000000000002" classname="module_teal_with_splash" name="srv_teal_with_splash_creates_raw_data_based_on_DDL_returns_pulled_data_when_loaded"/>
    <testcase time="0.523" classname="module_teal_with_splash" name="srv_teal_with_splash_creates_raw_data_based_on_DDL_returns_pulled_data_when_loaded"/>
    <testcase time="0.00400000000000134" classname="module_teal_with_splash" name="srv_teal_with_splash_creates_raw_data_based_on_DDL_returns_pulled_data_when_loaded"/>
    <testcase time="0.0620000000000012" classname="module_teal_with_splash" name="srv_teal_with_splash_gets_observe_event_from_srv_teal"/>
  </testsuite>
  <testsuite name="modules" timestamp="2023-10-31T05:31:37Z" hostname="e460d5a3c78f" tests="91" skipped="0" failures="0" errors="0" time="0.691">
    <testcase time="0.0179999999999971" classname="modules" name="Calling_module_does_not_throw"/>
    <testcase time="0.00700000000000145" classname="modules" name="module_requires_label_argument_to_be_a_string_different_than_global_filters_"/>
    <testcase time="0.00799999999999912" classname="modules" name="module_requires_label_argument_to_be_a_string_different_than_global_filters_"/>
    <testcase time="0.00799999999999912" classname="modules" name="module_requires_label_argument_to_be_a_string_different_than_global_filters_"/>
    <testcase time="0.00900000000000034" classname="modules" name="module_requires_label_argument_to_be_a_string_different_than_global_filters_"/>
    <testcase time="0.00800000000000267" classname="modules" name="module_requires_label_argument_to_be_a_string_different_than_global_filters_"/>
    <testcase time="0.0069999999999979" classname="modules" name="module_expects_server_being_a_shiny_server_module_with_any_argument"/>
    <testcase time="0.00199999999999889" classname="modules" name="module_expects_server_being_a_shiny_server_module_with_any_argument"/>
    <testcase time="0.00300000000000011" classname="modules" name="module_expects_server_being_a_shiny_server_module_with_any_argument"/>
    <testcase time="0.00799999999999912" classname="modules" name="module_expects_server_being_a_shiny_server_module_with_any_argument"/>
    <testcase time="0.00800000000000267" classname="modules" name="module_expects_server_being_a_shiny_server_module_with_any_argument"/>
    <testcase time="0.00799999999999912" classname="modules" name="module_requires_server_args_argument_to_be_a_list"/>
    <testcase time="0.00300000000000011" classname="modules" name="module_requires_server_args_argument_to_be_a_list"/>
    <testcase time="0.00199999999999889" classname="modules" name="module_requires_server_args_argument_to_be_a_list"/>
    <testcase time="0.00799999999999912" classname="modules" name="module_requires_server_args_argument_to_be_a_list"/>
    <testcase time="0.00800000000000267" classname="modules" name="module_requires_server_args_argument_to_be_a_list"/>
    <testcase time="0.00799999999999912" classname="modules" name="module_expects_all_server_args_being_a_server_arguments_or_passed_through_..._"/>
    <testcase time="0.00199999999999889" classname="modules" name="module_expects_all_server_args_being_a_server_arguments_or_passed_through_..._"/>
    <testcase time="0.00900000000000034" classname="modules" name="module_expects_all_server_args_being_a_server_arguments_or_passed_through_..._"/>
    <testcase time="0.00900000000000034" classname="modules" name="module_requires_ui_args_argument_to_be_a_list"/>
    <testcase time="0.00300000000000011" classname="modules" name="module_requires_ui_args_argument_to_be_a_list"/>
    <testcase time="0.00199999999999889" classname="modules" name="module_requires_ui_args_argument_to_be_a_list"/>
    <testcase time="0.00900000000000034" classname="modules" name="module_requires_ui_args_argument_to_be_a_list"/>
    <testcase time="0.00799999999999912" classname="modules" name="module_requires_ui_args_argument_to_be_a_list"/>
    <testcase time="0.00800000000000267" classname="modules" name="module_expects_ui_being_a_shiny_ui_module_with_any_argument"/>
    <testcase time="0.00199999999999889" classname="modules" name="module_expects_ui_being_a_shiny_ui_module_with_any_argument"/>
    <testcase time="0.00799999999999912" classname="modules" name="module_expects_ui_being_a_shiny_ui_module_with_any_argument"/>
    <testcase time="0.00800000000000267" classname="modules" name="module_expects_all_ui_args_being_a_ui_arguments_or_passed_through_..._"/>
    <testcase time="0.00199999999999889" classname="modules" name="module_expects_all_ui_args_being_a_ui_arguments_or_passed_through_..._"/>
    <testcase time="0.00900000000000034" classname="modules" name="module_expects_all_ui_args_being_a_ui_arguments_or_passed_through_..._"/>
    <testcase time="0.0069999999999979" classname="modules" name="module_requires_datanames_argument_to_be_a_character_or_NULL"/>
    <testcase time="0.00300000000000011" classname="modules" name="module_requires_datanames_argument_to_be_a_character_or_NULL"/>
    <testcase time="0.00200000000000244" classname="modules" name="module_requires_datanames_argument_to_be_a_character_or_NULL"/>
    <testcase time="0.00900000000000034" classname="modules" name="module_requires_datanames_argument_to_be_a_character_or_NULL"/>
    <testcase time="0.00299999999999656" classname="modules" name="module_requires_datanames_argument_to_be_a_character_or_NULL"/>
    <testcase time="0.00800000000000267" classname="modules" name="module_returns_list_of_class_teal_module_containing_input_objects"/>
    <testcase time="0.00199999999999889" classname="modules" name="module_returns_list_of_class_teal_module_containing_input_objects"/>
    <testcase time="0.00300000000000011" classname="modules" name="module_returns_list_of_class_teal_module_containing_input_objects"/>
    <testcase time="0.00199999999999889" classname="modules" name="module_returns_list_of_class_teal_module_containing_input_objects"/>
    <testcase time="0.00200000000000244" classname="modules" name="module_returns_list_of_class_teal_module_containing_input_objects"/>
    <testcase time="0.00199999999999889" classname="modules" name="module_returns_list_of_class_teal_module_containing_input_objects"/>
    <testcase time="0.00199999999999889" classname="modules" name="module_returns_list_of_class_teal_module_containing_input_objects"/>
    <testcase time="0.00200000000000244" classname="modules" name="module_returns_list_of_class_teal_module_containing_input_objects"/>
    <testcase time="0.0139999999999993" classname="modules" name="modules_gives_error_if_no_arguments_other_than_label_are_used"/>
    <testcase time="0.00900000000000034" classname="modules" name="modules_gives_error_if_no_arguments_other_than_label_are_used"/>
    <testcase time="0.032" classname="modules" name="modules_requires_label_argument_to_be_a_string_"/>
    <testcase time="0.0100000000000016" classname="modules" name="modules_requires_label_argument_to_be_a_string_"/>
    <testcase time="0.0139999999999993" classname="modules" name="modules_requires_label_argument_to_be_a_string_"/>
    <testcase time="0.0130000000000017" classname="modules" name="modules_accept_teal_module_in_..."/>
    <testcase time="0.00799999999999912" classname="modules" name="modules_accept_multiple_teal_module_objects_in_..."/>
    <testcase time="0.0069999999999979" classname="modules" name="modules_accept_multiple_teal_module_and_teal_modules_objects_in_..."/>
    <testcase time="0.0140000000000029" classname="modules" name="modules_does_not_accept_objects_other_than_teal_module_s_in_..."/>
    <testcase time="0.0129999999999981" classname="modules" name="modules_does_not_accept_objects_other_than_teal_module_s_in_..."/>
    <testcase time="0.00700000000000145" classname="modules" name="modules_returns_teal_modules_object_with_label_and_children_slot"/>
    <testcase time="0.00199999999999889" classname="modules" name="modules_returns_teal_modules_object_with_label_and_children_slot"/>
    <testcase time="0.0120000000000005" classname="modules" name="modules_returns_children_as_list_with_list_named_after_label_attributes"/>
    <testcase time="0.00199999999999889" classname="modules" name="modules_returns_children_as_list_with_list_named_after_label_attributes"/>
    <testcase time="0.00300000000000011" classname="modules" name="modules_returns_children_as_list_with_list_named_after_label_attributes"/>
    <testcase time="0.0139999999999993" classname="modules" name="modules_returns_useful_error_message_if_label_argument_not_explicitly_named"/>
    <testcase time="0.00800000000000267" classname="modules" name="modules_returns_children_as_list_with_unique_names_if_labels_are_duplicated"/>
    <testcase time="0.00199999999999889" classname="modules" name="modules_returns_children_as_list_with_unique_names_if_labels_are_duplicated"/>
    <testcase time="0.00199999999999889" classname="modules" name="modules_returns_children_as_list_with_unique_names_if_labels_are_duplicated"/>
    <testcase time="0.00700000000000145" classname="modules" name="modules_depth_accepts_depth_as_integer"/>
    <testcase time="0.00900000000000034" classname="modules" name="modules_depth_accepts_depth_as_integer"/>
    <testcase time="0.00799999999999912" classname="modules" name="modules_depth_returns_depth_0_by_default"/>
    <testcase time="0.00700000000000145" classname="modules" name="modules_depth_accepts_modules_to_be_teal_module_or_teal_modules"/>
    <testcase time="0.00300000000000011" classname="modules" name="modules_depth_accepts_modules_to_be_teal_module_or_teal_modules"/>
    <testcase time="0.0069999999999979" classname="modules" name="modules_depth_returns_depth_same_as_input_for_teal_module"/>
    <testcase time="0.00799999999999912" classname="modules" name="modules_depth_increases_depth_by_1_for_each_teal_modules"/>
    <testcase time="0.00300000000000011" classname="modules" name="modules_depth_increases_depth_by_1_for_each_teal_modules"/>
    <testcase time="0.0130000000000017" classname="modules" name="is_arg_used_throws_error_if_object_is_not_teal_module_or_teal_modules"/>
    <testcase time="0.00799999999999912" classname="modules" name="is_arg_used_throws_error_if_object_is_not_teal_module_or_teal_modules"/>
    <testcase time="0.0100000000000016" classname="modules" name="is_arg_used_returns_true_if_teal_module_has_given_arg_in_server_function_args"/>
    <testcase time="0.0109999999999992" classname="modules" name="is_arg_used_returns_false_if_teal_module_does_not_have_reporter_in_server_function_args"/>
    <testcase time="0.00999999999999801" classname="modules" name="is_arg_used_returns_false_if_teal_modules_has_no_children_using_given_arg_"/>
    <testcase time="0.00700000000000145" classname="modules" name="is_arg_used_returns_false_if_teal_modules_has_no_children_using_given_arg_"/>
    <testcase time="0.0109999999999992" classname="modules" name="is_arg_used_returns_true_if_teal_modules_has_at_least_one_child_using_given_arg_"/>
    <testcase time="0.00600000000000023" classname="modules" name="is_arg_used_returns_true_if_teal_modules_has_at_least_one_child_using_given_arg_"/>
    <testcase time="0.00700000000000145" classname="modules" name="is_arg_used_returns_true_if_teal_modules_has_at_least_one_child_using_given_arg_"/>
    <testcase time="0.00999999999999801" classname="modules" name="is_arg_used_returns_TRUE_FALSE_when_the_arg_is_in_function_formals"/>
    <testcase time="0.00500000000000256" classname="modules" name="is_arg_used_returns_TRUE_FALSE_when_the_arg_is_in_function_formals"/>
    <testcase time="0.0129999999999981" classname="modules" name="is_arg_used_accepts_arg_to_be_a_string_only"/>
    <testcase time="0.00799999999999912" classname="modules" name="is_arg_used_accepts_arg_to_be_a_string_only"/>
    <testcase time="0.00800000000000267" classname="modules" name="is_arg_used_accepts_arg_to_be_a_string_only"/>
    <testcase time="0.0139999999999993" classname="modules" name="append_module_throws_error_when_modules_is_not_inherited_from_teal_modules"/>
    <testcase time="0.00999999999999801" classname="modules" name="append_module_throws_error_when_modules_is_not_inherited_from_teal_modules"/>
    <testcase time="0.0140000000000029" classname="modules" name="append_module_throws_error_is_module_is_not_inherited_from_teal_module"/>
    <testcase time="0.00999999999999801" classname="modules" name="append_module_throws_error_is_module_is_not_inherited_from_teal_module"/>
    <testcase time="0.0100000000000016" classname="modules" name="append_module_appends_a_module_to_children_of_not_nested_teal_modules"/>
    <testcase time="0.0109999999999992" classname="modules" name="append_module_appends_a_module_to_children_of_nested_teal_modules"/>
    <testcase time="0.00799999999999912" classname="modules" name="append_module_produces_teal_modules_with_unique_named_children"/>
  </testsuite>
  <testsuite name="rcode_utils" timestamp="2023-10-31T05:31:38Z" hostname="e460d5a3c78f" tests="7" skipped="0" failures="0" errors="0" time="0.147">
    <testcase time="0.0120000000000005" classname="rcode_utils" name="With_no_teal.load_nest_code_option_set_get_rcode_str_install_returns_default_string"/>
    <testcase time="0.00700000000000145" classname="rcode_utils" name="With_teal.load_nest_code_option_set_to_character_get_rcode_str_install_returns_option_value"/>
    <testcase time="0.00300000000000011" classname="rcode_utils" name="With_teal.load_nest_code_option_set_to_character_get_rcode_str_install_returns_option_value"/>
    <testcase time="0.0069999999999979" classname="rcode_utils" name="With_teal.load_nest_code_option_is_not_character_get_rcode_str_install_silently_returns_default_string"/>
    <testcase time="0.00200000000000244" classname="rcode_utils" name="With_teal.load_nest_code_option_is_not_character_get_rcode_str_install_silently_returns_default_string"/>
    <testcase time="0.0629999999999988" classname="rcode_utils" name="get_rcode_libraries_returns_current_session_packages"/>
    <testcase time="0.0530000000000008" classname="rcode_utils" name="get_datasets_code_returns_code_only_for_specified_datanames"/>
  </testsuite>
  <testsuite name="report_previewer_module" timestamp="2023-10-31T05:31:38Z" hostname="e460d5a3c78f" tests="5" skipped="0" failures="0" errors="0" time="0.046">
    <testcase time="0.0179999999999971" classname="report_previewer_module" name="report_previewer_module_throws_error_if_label_is_not_string"/>
    <testcase time="0.00800000000000267" classname="report_previewer_module" name="report_previewer_module_throws_error_if_label_is_not_string"/>
    <testcase time="0.00900000000000034" classname="report_previewer_module" name="report_previewer_module_throws_no_error_and_stores_label_if_label_is_string"/>
    <testcase time="0.00199999999999889" classname="report_previewer_module" name="report_previewer_module_throws_no_error_and_stores_label_if_label_is_string"/>
    <testcase time="0.00900000000000034" classname="report_previewer_module" name="report_previewer_module_default_label_is_Report_previewer_"/>
  </testsuite>
  <testsuite name="snapshot_manager" timestamp="2023-10-31T05:31:38Z" hostname="e460d5a3c78f" tests="2" skipped="0" failures="0" errors="0" time="0.141">
    <testcase time="0.102" classname="snapshot_manager" name="snapshot_manager_holds_initial_state_in_history"/>
    <testcase time="0.0389999999999979" classname="snapshot_manager" name="snapshot_manager_holds_initial_state_in_history"/>
  </testsuite>
  <testsuite name="tdata" timestamp="2023-10-31T05:31:38Z" hostname="e460d5a3c78f" tests="33" skipped="0" failures="0" errors="0" time="0.521">
    <testcase time="0.0779999999999994" classname="tdata" name="new_tdata_accepts_reactive_and_not_reactive_MAE_and_data.frames"/>
    <testcase time="0.0140000000000029" classname="tdata" name="new_tdata_throws_error_if_data_is_not_a_list_with_unique_names"/>
    <testcase time="0.00799999999999912" classname="tdata" name="new_tdata_throws_error_if_data_is_not_a_list_with_unique_names"/>
    <testcase time="0.00900000000000034" classname="tdata" name="new_tdata_throws_error_if_data_is_not_a_list_with_unique_names"/>
    <testcase time="0.0129999999999981" classname="tdata" name="new_tdata_throws_error_if_contents_of_data_list_are_not_of_correct_type"/>
    <testcase time="0.0110000000000028" classname="tdata" name="new_tdata_throws_error_if_contents_of_data_list_are_not_of_correct_type"/>
    <testcase time="0.0119999999999969" classname="tdata" name="new_tdata_throws_error_if_code_is_not_character_or_reactive_character"/>
    <testcase time="0.0100000000000016" classname="tdata" name="new_tdata_throws_error_if_code_is_not_character_or_reactive_character"/>
    <testcase time="0.00900000000000034" classname="tdata" name="new_tdata_accepts_character_and_reactive_characters_for_code_argument"/>
    <testcase time="0.00499999999999901" classname="tdata" name="new_tdata_accepts_character_and_reactive_characters_for_code_argument"/>
    <testcase time="0.0120000000000005" classname="tdata" name="new_tdata_throws_error_if_join_keys_is_not_of_class_JoinKeys"/>
    <testcase time="0.00900000000000034" classname="tdata" name="new_tdata_throws_no_error_if_join_keys_is_of_class_JoinKeys"/>
    <testcase time="0.0120000000000005" classname="tdata" name="new_tdata_throws_error_if_metadata_is_not_a_list_with_unique_names_a_subset_of_the_names_of_data"/>
    <testcase time="0.00799999999999912" classname="tdata" name="new_tdata_throws_error_if_metadata_is_not_a_list_with_unique_names_a_subset_of_the_names_of_data"/>
    <testcase time="0.00799999999999912" classname="tdata" name="new_tdata_throws_error_if_metadata_is_not_a_list_with_unique_names_a_subset_of_the_names_of_data"/>
    <testcase time="0.0100000000000016" classname="tdata" name="new_tdata_does_not_throw_error_with_valid_metadata"/>
    <testcase time="0.0129999999999981" classname="tdata" name="get_metadata_returns_NULL_if_no_metadata"/>
    <testcase time="0.0130000000000017" classname="tdata" name="get_metadata_returns_NULL_if_no_metadata_for_given_dataset"/>
    <testcase time="0.00900000000000034" classname="tdata" name="get_metadata_returns_metadata_for_given_dataset"/>
    <testcase time="0.0129999999999981" classname="tdata" name="get_metadata_returns_NULL_if_dataset_doesn_t_exist"/>
    <testcase time="0.0100000000000016" classname="tdata" name="get_code_returns_empty_character_if_tdata_object_has_no_code"/>
    <testcase time="0.0109999999999992" classname="tdata" name="get_code_returns_character_of_code_if_tdata_object_has_code"/>
    <testcase time="0.00600000000000023" classname="tdata" name="get_code_returns_character_of_code_if_tdata_object_has_code"/>
    <testcase time="0.00900000000000034" classname="tdata" name="get_code_tdata_accepts_tdata"/>
    <testcase time="0.0150000000000006" classname="tdata" name="get_code_tdata_throws_error_when_input_is_not_tdata"/>
    <testcase time="0.00999999999999801" classname="tdata" name="get_code_tdata_throws_error_when_input_is_not_tdata"/>
    <testcase time="0.00900000000000034" classname="tdata" name="get_code_tdata_returns_character_code"/>
    <testcase time="0.0720000000000027" classname="tdata" name="tdata2env_returns_environment_containing_tdata_contents_"/>
    <testcase time="0.00299999999999656" classname="tdata" name="tdata2env_returns_environment_containing_tdata_contents_"/>
    <testcase time="0.0620000000000012" classname="tdata" name="tdata2env_returns_environment_containing_tdata_contents_"/>
    <testcase time="0.0130000000000017" classname="tdata" name="tdata2env_throws_error_if_argument_is_not_tdata"/>
    <testcase time="0.0150000000000006" classname="tdata" name="get_join_keys_returns_NULL_if_no_JoinKeys_object_exists_inside_tdata"/>
    <testcase time="0.00999999999999801" classname="tdata" name="get_join_keys_returns_JoinKeys_object_if_it_exists_inside_tdata"/>
  </testsuite>
  <testsuite name="teal_reporter" timestamp="2023-10-31T05:31:39Z" hostname="e460d5a3c78f" tests="25" skipped="0" failures="0" errors="0" time="0.264">
    <testcase time="0.0180000000000007" classname="teal_reporter" name="TealReportCard_object_can_be_initialized"/>
    <testcase time="0.00999999999999801" classname="teal_reporter" name="TealReportCard_inherits_from_ReportCard"/>
    <testcase time="0.0100000000000016" classname="teal_reporter" name="TealReportCard_new_returns_an_object_of_type_TealReportCard"/>
    <testcase time="0.0169999999999995" classname="teal_reporter" name="TealReportCard_get_content_returns_content_with_metadata"/>
    <testcase time="0.00199999999999889" classname="teal_reporter" name="TealReportCard_get_content_returns_content_with_metadata"/>
    <testcase time="0.00200000000000244" classname="teal_reporter" name="TealReportCard_get_content_returns_content_with_metadata"/>
    <testcase time="0.00199999999999889" classname="teal_reporter" name="TealReportCard_get_content_returns_content_with_metadata"/>
    <testcase time="0.00199999999999889" classname="teal_reporter" name="TealReportCard_get_content_returns_content_with_metadata"/>
    <testcase time="0.00800000000000267" classname="teal_reporter" name="TealReportCard_append_src_accepts_a_character"/>
    <testcase time="0.0069999999999979" classname="teal_reporter" name="TealReportCard_append_src_returns_self"/>
    <testcase time="0.00799999999999912" classname="teal_reporter" name="TealReportCard_append_src_returns_title_and_content"/>
    <testcase time="0.00900000000000034" classname="teal_reporter" name="TealReportCard_append_encodings_accepts_list_of_character"/>
    <testcase time="0.0100000000000016" classname="teal_reporter" name="TealReportCard_append_encodings_returns_self"/>
    <testcase time="0.0100000000000016" classname="teal_reporter" name="TealReportCard_append_encodings_returns_title_and_content"/>
    <testcase time="0.00299999999999656" classname="teal_reporter" name="TealReportCard_append_encodings_returns_title_and_content"/>
    <testcase time="0.0140000000000029" classname="teal_reporter" name="TealReportCard_append_fs_accepts_only_a_teal_slices"/>
    <testcase time="0.0120000000000005" classname="teal_reporter" name="TealReportCard_append_fs_accepts_only_a_teal_slices"/>
    <testcase time="0.0130000000000017" classname="teal_reporter" name="TealReportCard_append_fs_returns_self"/>
    <testcase time="0.0169999999999995" classname="teal_reporter" name="TealReportCard_append_fs_returns_title_and_content"/>
    <testcase time="0.00600000000000023" classname="teal_reporter" name="TealReportCard_append_fs_returns_title_and_content"/>
    <testcase time="0.0109999999999992" classname="teal_reporter" name="TealSlicesBlock_new_accepts_teal_slices_only"/>
    <testcase time="0.00900000000000034" classname="teal_reporter" name="TealSlicesBlock_new_accepts_teal_slices_only"/>
    <testcase time="0.0129999999999981" classname="teal_reporter" name="TealSlicesBlock_get_content_returns_yaml_character"/>
    <testcase time="0.0130000000000017" classname="teal_reporter" name="TealSlicesBlock_to_list_returns_list_containing_teal_slices"/>
    <testcase time="0.0380000000000003" classname="teal_reporter" name="TealSlicesBlock_from_list_retains_states_from_a_list"/>
  </testsuite>
  <testsuite name="teal_slices-store" timestamp="2023-10-31T05:31:39Z" hostname="e460d5a3c78f" tests="12" skipped="0" failures="0" errors="0" time="0.175">
    <testcase time="0.0289999999999999" classname="teal_slices_store" name="teal_slice_store_restore_supports_saving_POSIXct_timestamps_in_selected"/>
    <testcase time="0.00700000000000145" classname="teal_slices_store" name="teal_slice_store_restore_supports_saving_POSIXct_timestamps_in_selected"/>
    <testcase time="0.0209999999999972" classname="teal_slices_store" name="teal_slice_store_restore_supports_saving_Date_dates_in_selected"/>
    <testcase time="0.00600000000000023" classname="teal_slices_store" name="teal_slice_store_restore_supports_saving_Date_dates_in_selected"/>
    <testcase time="0.0210000000000008" classname="teal_slices_store" name="teal_slice_store_restore_supports_saving_POSIXct_timestamps_in_choices"/>
    <testcase time="0.00600000000000023" classname="teal_slices_store" name="teal_slice_store_restore_supports_saving_POSIXct_timestamps_in_choices"/>
    <testcase time="0.0219999999999985" classname="teal_slices_store" name="teal_slice_store_restore_supports_saving_Date_timestamps_in_choices"/>
    <testcase time="0.00700000000000145" classname="teal_slices_store" name="teal_slice_store_restore_supports_saving_Date_timestamps_in_choices"/>
    <testcase time="0.0240000000000009" classname="teal_slices_store" name="teal_slice_store_restore_restores_mixed_Date_characters_as_characters_in_selected"/>
    <testcase time="0.0219999999999985" classname="teal_slices_store" name="teal_slice_store_restore_restores_characters_as_characters_in_selected_and_choices"/>
    <testcase time="0.00300000000000011" classname="teal_slices_store" name="teal_slice_store_restore_restores_characters_as_characters_in_selected_and_choices"/>
    <testcase time="0.00700000000000145" classname="teal_slices_store" name="teal_slice_store_restore_restores_characters_as_characters_in_selected_and_choices"/>
  </testsuite>
  <testsuite name="teal_slices" timestamp="2023-10-31T05:31:39Z" hostname="e460d5a3c78f" tests="18" skipped="0" failures="0" errors="0" time="0.187">
    <testcase time="0.0120000000000005" classname="teal_slices" name="teal_slices_produces_teal_slices_object_with_teal_specific_attributes"/>
    <testcase time="0.00199999999999889" classname="teal_slices" name="teal_slices_produces_teal_slices_object_with_teal_specific_attributes"/>
    <testcase time="0.00499999999999901" classname="teal_slices" name="teal_slices_produces_teal_slices_object_with_teal_specific_attributes"/>
    <testcase time="0.00199999999999889" classname="teal_slices" name="teal_slices_produces_teal_slices_object_with_teal_specific_attributes"/>
    <testcase time="0.0110000000000028" classname="teal_slices" name="teal_slices_fails_when_inexisting_teal_slice_id_is_specified_in_mapping"/>
    <testcase time="0.0109999999999992" classname="teal_slices" name="teal_slices_fails_when_inexisting_teal_slice_id_is_specified_in_mapping"/>
    <testcase time="0.0139999999999993" classname="teal_slices" name="teal_slices_processes_filter_mapping"/>
    <testcase time="0.0120000000000005" classname="teal_slices" name="teal_slices_processes_filter_mapping"/>
    <testcase time="0.0219999999999985" classname="teal_slices" name="teal_slices_drops_non_global_filters_if_module_specific_FALSE"/>
    <testcase time="0.0130000000000017" classname="teal_slices" name="teal_slices_drops_non_global_filters_if_module_specific_FALSE"/>
    <testcase time="0.0240000000000009" classname="teal_slices" name="deep_copy_filters_copies_teal_slice_changes_pointer_of_teal_slice_object_but_values_remain_the_same"/>
    <testcase time="0.00600000000000023" classname="teal_slices" name="deep_copy_filters_copies_teal_slice_changes_pointer_of_teal_slice_object_but_values_remain_the_same"/>
    <testcase time="0.0109999999999992" classname="teal_slices" name="teal_slices_mapping_should_be_an_empty_list_or_a_named_list_or_missing"/>
    <testcase time="0.0069999999999979" classname="teal_slices" name="teal_slices_mapping_should_be_an_empty_list_or_a_named_list_or_missing"/>
    <testcase time="0.00600000000000023" classname="teal_slices" name="teal_slices_mapping_should_be_an_empty_list_or_a_named_list_or_missing"/>
    <testcase time="0.0110000000000028" classname="teal_slices" name="teal_slices_mapping_should_be_an_empty_list_or_a_named_list_or_missing"/>
    <testcase time="0.00899999999999679" classname="teal_slices" name="teal_slices_mapping_should_be_an_empty_list_or_a_named_list_or_missing"/>
    <testcase time="0.00900000000000034" classname="teal_slices" name="teal_slices_mapping_should_be_an_empty_list_or_a_named_list_or_missing"/>
  </testsuite>
  <testsuite name="utils" timestamp="2023-10-31T05:31:39Z" hostname="e460d5a3c78f" tests="10" skipped="0" failures="0" errors="0" time="0.081">
    <testcase time="0.0190000000000019" classname="utils" name="get_teal_bs_theme"/>
    <testcase time="0.027000000000001" classname="utils" name="get_teal_bs_theme"/>
    <testcase time="0.00300000000000011" classname="utils" name="get_teal_bs_theme"/>
    <testcase time="0.00199999999999889" classname="utils" name="get_teal_bs_theme"/>
    <testcase time="0.0189999999999984" classname="utils" name="report_card_template_function_returns_TealReportCard_object_with_appropriate_content_and_labels"/>
    <testcase time="0.00200000000000244" classname="utils" name="report_card_template_function_returns_TealReportCard_object_with_appropriate_content_and_labels"/>
    <testcase time="0.00199999999999889" classname="utils" name="report_card_template_function_returns_TealReportCard_object_with_appropriate_content_and_labels"/>
    <testcase time="0.00300000000000011" classname="utils" name="report_card_template_function_returns_TealReportCard_object_with_appropriate_content_and_labels"/>
    <testcase time="0.00199999999999889" classname="utils" name="report_card_template_function_returns_TealReportCard_object_with_appropriate_content_and_labels"/>
    <testcase time="0.00200000000000244" classname="utils" name="report_card_template_function_returns_TealReportCard_object_with_appropriate_content_and_labels"/>
  </testsuite>
  <testsuite name="validate_has_data" timestamp="2023-10-31T05:31:39Z" hostname="e460d5a3c78f" tests="17" skipped="0" failures="0" errors="0" time="0.174">
    <testcase time="0.0129999999999981" classname="validate_has_data" name="validate_has_data_throws_no_error_when_data_has_at_least_as_many_rows_as_min_nrow"/>
    <testcase time="0.00300000000000011" classname="validate_has_data" name="validate_has_data_throws_no_error_when_data_has_at_least_as_many_rows_as_min_nrow"/>
    <testcase time="0.0139999999999993" classname="validate_has_data" name="validate_has_data_throws_error_when_min_nrow_rows_of_data"/>
    <testcase time="0.00799999999999912" classname="validate_has_data" name="validate_has_data_accepts_logical_complete_argument"/>
    <testcase time="0.00300000000000011" classname="validate_has_data" name="validate_has_data_accepts_logical_complete_argument"/>
    <testcase time="0.0140000000000029" classname="validate_has_data" name="validate_has_data_throws_error_when_data_has_NA_and_complete_is_set_to_TRUE"/>
    <testcase time="0.00900000000000034" classname="validate_has_data" name="validate_has_data_accepts_logical_allow_inf_argument"/>
    <testcase time="0.00899999999999679" classname="validate_has_data" name="validate_has_data_accepts_logical_allow_inf_argument"/>
    <testcase time="0.0130000000000017" classname="validate_has_data" name="validate_has_data_accepts_throws_error_when_data_has_Inf_values_and_allow_inf_is_set_to_FALSE"/>
    <testcase time="0.0129999999999981" classname="validate_has_data" name="validate_has_data_accepts_throws_error_when_data_has_Inf_values_and_allow_inf_is_set_to_FALSE"/>
    <testcase time="0.00800000000000267" classname="validate_has_data" name="validate_has_data_accepts_throws_error_when_data_has_Inf_values_and_allow_inf_is_set_to_FALSE"/>
    <testcase time="0.00900000000000034" classname="validate_has_data" name="validate_has_data_allow_inf_argument_ignores_non_numeric_columns"/>
    <testcase time="0.00799999999999912" classname="validate_has_data" name="validate_has_data_allow_inf_argument_ignores_non_numeric_columns"/>
    <testcase time="0.0129999999999981" classname="validate_has_data" name="validate_has_data_returns_message_when_msg_argument_is_set"/>
    <testcase time="0.0150000000000006" classname="validate_has_data" name="validate_has_data_returns_message_msg_argument_is_set_and_complete_is_set_to_TRUE"/>
    <testcase time="0.0139999999999993" classname="validate_has_data" name="validate_has_data_returns_throws_error_with_non_character_msg_input"/>
    <testcase time="0.00800000000000267" classname="validate_has_data" name="validate_has_data_returns_throws_error_with_non_character_msg_input"/>
  </testsuite>
  <testsuite name="validate_inputs" timestamp="2023-10-31T05:31:40Z" hostname="e460d5a3c78f" tests="36" skipped="0" failures="0" errors="0" time="0.853">
    <testcase time="0.0189999999999984" classname="validate_inputs" name="invalid_arguments_raise_errors"/>
    <testcase time="0.00799999999999912" classname="validate_inputs" name="invalid_arguments_raise_errors"/>
    <testcase time="0.0390000000000015" classname="validate_inputs" name="disabled_validators_raise_warnings_individual_validators_"/>
    <testcase time="0.0470000000000006" classname="validate_inputs" name="disabled_validators_raise_warnings_validator_list_"/>
    <testcase time="0.0299999999999976" classname="validate_inputs" name="disabled_validators_raise_warnings_nested_validator_list_"/>
    <testcase time="0.126000000000001" classname="validate_inputs" name="valid_inputs_produce_desired_output_individual_validators_"/>
    <testcase time="0.032" classname="validate_inputs" name="valid_inputs_produce_desired_output_validator_list_"/>
    <testcase time="0.0350000000000001" classname="validate_inputs" name="valid_inputs_produce_desired_output_nested_validator_list_"/>
    <testcase time="0.0399999999999991" classname="validate_inputs" name="invalid_inputs_raise_errors_in_output_individual_validators_"/>
    <testcase time="0.0380000000000003" classname="validate_inputs" name="invalid_inputs_raise_errors_in_output_individual_validators_"/>
    <testcase time="0.0360000000000014" classname="validate_inputs" name="invalid_inputs_raise_errors_in_output_individual_validators_"/>
    <testcase time="0.0410000000000004" classname="validate_inputs" name="invalid_inputs_raise_errors_in_output_validator_list_"/>
    <testcase time="0.0350000000000001" classname="validate_inputs" name="invalid_inputs_raise_errors_in_output_validator_list_"/>
    <testcase time="0.0339999999999989" classname="validate_inputs" name="invalid_inputs_raise_errors_in_output_validator_list_"/>
    <testcase time="0.0380000000000003" classname="validate_inputs" name="invalid_inputs_raise_errors_in_output_nested_validator_list_"/>
    <testcase time="0.0339999999999989" classname="validate_inputs" name="invalid_inputs_raise_errors_in_output_nested_validator_list_"/>
    <testcase time="0.0340000000000025" classname="validate_inputs" name="invalid_inputs_raise_errors_in_output_nested_validator_list_"/>
    <testcase time="0.0529999999999973" classname="validate_inputs" name="error_message_is_formatted_properly"/>
    <testcase time="0.0120000000000005" classname="validate_inputs" name="error_message_is_formatted_properly"/>
    <testcase time="0.0100000000000016" classname="validate_inputs" name="error_message_is_formatted_properly"/>
    <testcase time="0.0109999999999992" classname="validate_inputs" name="error_message_is_formatted_properly"/>
    <testcase time="0.0100000000000016" classname="validate_inputs" name="error_message_is_formatted_properly"/>
    <testcase time="0.00399999999999778" classname="validate_inputs" name="error_message_is_formatted_properly"/>
    <testcase time="0.00300000000000011" classname="validate_inputs" name="error_message_is_formatted_properly"/>
    <testcase time="0.00300000000000011" classname="validate_inputs" name="error_message_is_formatted_properly"/>
    <testcase time="0.00400000000000134" classname="validate_inputs" name="error_message_is_formatted_properly"/>
    <testcase time="0.00300000000000011" classname="validate_inputs" name="error_message_is_formatted_properly"/>
    <testcase time="0.00399999999999778" classname="validate_inputs" name="error_message_is_formatted_properly"/>
    <testcase time="0.00300000000000011" classname="validate_inputs" name="error_message_is_formatted_properly"/>
    <testcase time="0.00300000000000011" classname="validate_inputs" name="error_message_is_formatted_properly"/>
    <testcase time="0.00300000000000011" classname="validate_inputs" name="error_message_is_formatted_properly"/>
    <testcase time="0.00400000000000134" classname="validate_inputs" name="error_message_is_formatted_properly"/>
    <testcase time="0.00399999999999778" classname="validate_inputs" name="error_message_is_formatted_properly"/>
    <testcase time="0.0410000000000004" classname="validate_inputs" name="different_validation_modes_produce_proper_messages"/>
    <testcase time="0.00600000000000023" classname="validate_inputs" name="different_validation_modes_produce_proper_messages"/>
    <testcase time="0.00600000000000023" classname="validate_inputs" name="different_validation_modes_produce_proper_messages"/>
  </testsuite>
</testsuites>
